[
  {
    "@timestamp": "2026-04-01T08:00:00Z",
    "Hostname": "DC01",
    "EventID": 4624,
    "Channel": "Security",
    "TargetDomainName": "CORP",
    "TargetUserName": "alice",
    "TargetLogonId": "0xBDE640F",
    "LogonType": 2,
    "IpAddress": "10.0.1.25",
    "WorkstationName": "DC01",
    "LogonGuid": "{46685257-7248-4771-347A-10456C031199}",
    "ProcessName": "C:\\Windows\\System32\\winlogon.exe",
    "SubjectUserName": "-",
    "SubjectLogonId": "0x0",
    "raw_message": "An account was successfully logged on.\nSubject:\n  Account Name: -\n  Logon ID: 0x0\nNew Logon:\n  Account Name: alice\n  Account Domain: CORP\n  Logon ID: 0xBDE640F\n  Logon GUID: {46685257-7248-4771-347A-10456C031199}\nLogon Type: 2\nNetwork Information:\n  Workstation Name: DC01\n  Source Network Address: 10.0.1.25"
  },
  {
    "@timestamp": "2026-04-01T08:00:02Z",
    "Hostname": "DC01",
    "EventID": 4672,
    "Channel": "Security",
    "TargetDomainName": "CORP",
    "SubjectUserName": "alice",
    "SubjectLogonId": "0xBDE640F",
    "PrivilegeList": "SeAuditPrivilege",
    "raw_message": "Special privileges assigned to new logon.\n  Account Name: alice\n  Logon ID: 0xBDE640F\n  Privileges: SeAuditPrivilege"
  },
  {
    "@timestamp": "2026-04-01T08:02:00Z",
    "Hostname": "DC01",
    "EventID": 4688,
    "Channel": "Security",
    "TargetDomainName": "CORP",
    "SubjectUserName": "alice",
    "SubjectLogonId": "0xBDE640F",
    "NewProcessName": "C:\\Windows\\System32\\notepad.exe",
    "CommandLine": "notepad.exe note.txt",
    "ParentProcessName": "C:\\Windows\\explorer.exe",
    "raw_message": "A new process has been created.\nCreator Subject:\n  Account Name: alice\n  Logon ID: 0xBDE640F\nProcess Information:\n  New Process Name: C:\\Windows\\System32\\notepad.exe\n  Command Line: notepad.exe note.txt\n  Creator Process Name: C:\\Windows\\explorer.exe"
  },
  {
    "@timestamp": "2026-04-01T08:02:57Z",
    "Hostname": "DC01",
    "EventID": 4688,
    "Channel": "Security",
    "TargetDomainName": "CORP",
    "SubjectUserName": "alice",
    "SubjectLogonId": "0xBDE640F",
    "NewProcessName": "C:\\Windows\\System32\\notepad.exe",
    "CommandLine": "notepad.exe note.txt",
    "ParentProcessName": "C:\\Windows\\explorer.exe",
    "raw_message": "A new process has been created.\nCreator Subject:\n  Account Name: alice\n  Logon ID: 0xBDE640F\nProcess Information:\n  New Process Name: C:\\Windows\\System32\\notepad.exe\n  Command Line: notepad.exe note.txt\n  Creator Process Name: C:\\Windows\\explorer.exe"
  },
  {
    "@timestamp": "2026-04-01T08:06:50Z",
    "Hostname": "DC01",
    "EventID": 4688,
    "Channel": "Security",
    "TargetDomainName": "CORP",
    "SubjectUserName": "alice",
    "SubjectLogonId": "0xBDE640F",
    "NewProcessName": "C:\\Program Files\\7-Zip\\7zFM.exe",
    "CommandLine": "7zFM.exe",
    "ParentProcessName": "C:\\Windows\\explorer.exe",
    "raw_message": "A new process has been created.\nCreator Subject:\n  Account Name: alice\n  Logon ID: 0xBDE640F\nProcess Information:\n  New Process Name: C:\\Program Files\\7-Zip\\7zFM.exe\n  Command Line: 7zFM.exe\n  Creator Process Name: C:\\Windows\\explorer.exe"
  },
  {
    "@timestamp": "2026-04-01T08:16:38Z",
    "Hostname": "DC01",
    "EventID": 4688,
    "Channel": "Security",
    "TargetDomainName": "CORP",
    "SubjectUserName": "alice",
    "SubjectLogonId": "0xBDE640F",
    "NewProcessName": "C:\\Program Files\\Google\\Chrome\\Application\\chrome.exe",
    "CommandLine": "chrome.exe --profile-directory=Default",
    "ParentProcessName": "C:\\Windows\\explorer.exe",
    "raw_message": "A new process has been created.\nCreator Subject:\n  Account Name: alice\n  Logon ID: 0xBDE640F\nProcess Information:\n  New Process Name: C:\\Program Files\\Google\\Chrome\\Application\\chrome.exe\n  Command Line: chrome.exe --profile-directory=Default\n  Creator Process Name: C:\\Windows\\explorer.exe"
  },
  {
    "@timestamp": "2026-04-01T08:20:53Z",
    "Hostname": "DC01",
    "EventID": 4688,
    "Channel": "Security",
    "TargetDomainName": "CORP",
    "SubjectUserName": "alice",
    "SubjectLogonId": "0xBDE640F",
    "NewProcessName": "C:\\Program Files\\Google\\Chrome\\Application\\chrome.exe",
    "CommandLine": "chrome.exe --profile-directory=Default",
    "ParentProcessName": "C:\\Windows\\explorer.exe",
    "raw_message": "A new process has been created.\nCreator Subject:\n  Account Name: alice\n  Logon ID: 0xBDE640F\nProcess Information:\n  New Process Name: C:\\Program Files\\Google\\Chrome\\Application\\chrome.exe\n  Command Line: chrome.exe --profile-directory=Default\n  Creator Process Name: C:\\Windows\\explorer.exe"
  },
  {
    "@timestamp": "2026-04-01T09:26:07Z",
    "Hostname": "DC01",
    "EventID": 4634,
    "Channel": "Security",
    "TargetDomainName": "CORP",
    "TargetUserName": "alice",
    "TargetLogonId": "0xBDE640F",
    "LogonType": 2,
    "raw_message": "An account was logged off.\n  Account Name: alice\n  Logon ID: 0xBDE640F\n  Logon Type: 2"
  },
  {
    "@timestamp": "2026-04-01T08:22:00Z",
    "Hostname": "WS01",
    "EventID": 4624,
    "Channel": "Security",
    "TargetDomainName": "CORP",
    "TargetUserName": "bob",
    "TargetLogonId": "0x6C40751",
    "LogonType": 2,
    "IpAddress": "10.0.4.26",
    "WorkstationName": "WS01",
    "LogonGuid": "{571AA876-4F9B-6E3D-AC56-2F7C1A2A73ED}",
    "ProcessName": "C:\\Windows\\System32\\winlogon.exe",
    "SubjectUserName": "-",
    "SubjectLogonId": "0x0",
    "raw_message": "An account was successfully logged on.\nSubject:\n  Account Name: -\n  Logon ID: 0x0\nNew Logon:\n  Account Name: bob\n  Account Domain: CORP\n  Logon ID: 0x6C40751\n  Logon GUID: {571AA876-4F9B-6E3D-AC56-2F7C1A2A73ED}\nLogon Type: 2\nNetwork Information:\n  Workstation Name: WS01\n  Source Network Address: 10.0.4.26"
  },
  {
    "@timestamp": "2026-04-01T08:22:02Z",
    "Hostname": "WS01",
    "EventID": 4672,
    "Channel": "Security",
    "TargetDomainName": "CORP",
    "SubjectUserName": "bob",
    "SubjectLogonId": "0x6C40751",
    "PrivilegeList": "SeAuditPrivilege",
    "raw_message": "Special privileges assigned to new logon.\n  Account Name: bob\n  Logon ID: 0x6C40751\n  Privileges: SeAuditPrivilege"
  },
  {
    "@timestamp": "2026-04-01T08:25:00Z",
    "Hostname": "WS01",
    "EventID": 4688,
    "Channel": "Security",
    "TargetDomainName": "CORP",
    "SubjectUserName": "bob",
    "SubjectLogonId": "0x6C40751",
    "NewProcessName": "C:\\Windows\\System32\\notepad.exe",
    "CommandLine": "notepad.exe note.txt",
    "ParentProcessName": "C:\\Windows\\explorer.exe",
    "raw_message": "A new process has been created.\nCreator Subject:\n  Account Name: bob\n  Logon ID: 0x6C40751\nProcess Information:\n  New Process Name: C:\\Windows\\System32\\notepad.exe\n  Command Line: notepad.exe note.txt\n  Creator Process Name: C:\\Windows\\explorer.exe"
  },
  {
    "@timestamp": "2026-04-01T08:30:00Z",
    "Hostname": "WS01",
    "EventID": 4688,
    "Channel": "Security",
    "TargetDomainName": "CORP",
    "SubjectUserName": "bob",
    "SubjectLogonId": "0x6C40751",
    "NewProcessName": "C:\\Windows\\explorer.exe",
    "CommandLine": "explorer.exe",
    "ParentProcessName": "C:\\Windows\\explorer.exe",
    "raw_message": "A new process has been created.\nCreator Subject:\n  Account Name: bob\n  Logon ID: 0x6C40751\nProcess Information:\n  New Process Name: C:\\Windows\\explorer.exe\n  Command Line: explorer.exe\n  Creator Process Name: C:\\Windows\\explorer.exe"
  },
  {
    "@timestamp": "2026-04-01T08:38:20Z",
    "Hostname": "WS01",
    "EventID": 4688,
    "Channel": "Security",
    "TargetDomainName": "CORP",
    "SubjectUserName": "bob",
    "SubjectLogonId": "0x6C40751",
    "NewProcessName": "C:\\Windows\\System32\\notepad.exe",
    "CommandLine": "notepad.exe note.txt",
    "ParentProcessName": "C:\\Windows\\explorer.exe",
    "raw_message": "A new process has been created.\nCreator Subject:\n  Account Name: bob\n  Logon ID: 0x6C40751\nProcess Information:\n  New Process Name: C:\\Windows\\System32\\notepad.exe\n  Command Line: notepad.exe note.txt\n  Creator Process Name: C:\\Windows\\explorer.exe"
  },
  {
    "@timestamp": "2026-04-01T08:40:57Z",
    "Hostname": "WS01",
    "EventID": 4688,
    "Channel": "Security",
    "TargetDomainName": "CORP",
    "SubjectUserName": "bob",
    "SubjectLogonId": "0x6C40751",
    "NewProcessName": "C:\\Program Files\\Google\\Chrome\\Application\\chrome.exe",
    "CommandLine": "chrome.exe --profile-directory=Default",
    "ParentProcessName": "C:\\Windows\\explorer.exe",
    "raw_message": "A new process has been created.\nCreator Subject:\n  Account Name: bob\n  Logon ID: 0x6C40751\nProcess Information:\n  New Process Name: C:\\Program Files\\Google\\Chrome\\Application\\chrome.exe\n  Command Line: chrome.exe --profile-directory=Default\n  Creator Process Name: C:\\Windows\\explorer.exe"
  },
  {
    "@timestamp": "2026-04-01T08:42:47Z",
    "Hostname": "WS01",
    "EventID": 4688,
    "Channel": "Security",
    "TargetDomainName": "CORP",
    "SubjectUserName": "bob",
    "SubjectLogonId": "0x6C40751",
    "NewProcessName": "C:\\Windows\\System32\\notepad.exe",
    "CommandLine": "notepad.exe note.txt",
    "ParentProcessName": "C:\\Windows\\explorer.exe",
    "raw_message": "A new process has been created.\nCreator Subject:\n  Account Name: bob\n  Logon ID: 0x6C40751\nProcess Information:\n  New Process Name: C:\\Windows\\System32\\notepad.exe\n  Command Line: notepad.exe note.txt\n  Creator Process Name: C:\\Windows\\explorer.exe"
  },
  {
    "@timestamp": "2026-04-01T08:48:17Z",
    "Hostname": "WS01",
    "EventID": 4688,
    "Channel": "Security",
    "TargetDomainName": "CORP",
    "SubjectUserName": "bob",
    "SubjectLogonId": "0x6C40751",
    "NewProcessName": "C:\\Program Files\\7-Zip\\7zFM.exe",
    "CommandLine": "7zFM.exe",
    "ParentProcessName": "C:\\Windows\\explorer.exe",
    "raw_message": "A new process has been created.\nCreator Subject:\n  Account Name: bob\n  Logon ID: 0x6C40751\nProcess Information:\n  New Process Name: C:\\Program Files\\7-Zip\\7zFM.exe\n  Command Line: 7zFM.exe\n  Creator Process Name: C:\\Windows\\explorer.exe"
  },
  {
    "@timestamp": "2026-04-01T08:56:57Z",
    "Hostname": "FILESERVER",
    "EventID": 4624,
    "Channel": "Security",
    "TargetDomainName": "CORP",
    "TargetUserName": "bob",
    "TargetLogonId": "0xB46ED1F",
    "LogonType": 3,
    "IpAddress": "10.0.4.26",
    "WorkstationName": "WS01",
    "LogonGuid": "{571AA876-4F9B-6E3D-AC56-2F7C1A2A73ED}",
    "ProcessName": "-",
    "SubjectUserName": "-",
    "SubjectLogonId": "0x0",
    "raw_message": "An account was successfully logged on.\nSubject:\n  Account Name: -\n  Logon ID: 0x0\nNew Logon:\n  Account Name: bob\n  Account Domain: CORP\n  Logon ID: 0xB46ED1F\n  Logon GUID: {571AA876-4F9B-6E3D-AC56-2F7C1A2A73ED}\nLogon Type: 3\nNetwork Information:\n  Workstation Name: WS01\n  Source Network Address: 10.0.4.26"
  },
  {
    "@timestamp": "2026-04-01T08:57:07Z",
    "Hostname": "FILESERVER",
    "EventID": 4634,
    "Channel": "Security",
    "TargetDomainName": "CORP",
    "TargetUserName": "bob",
    "TargetLogonId": "0xB46ED1F",
    "LogonType": 3,
    "raw_message": "An account was logged off.\n  Account Name: bob\n  Logon ID: 0xB46ED1F\n  Logon Type: 3"
  },
  {
    "@timestamp": "2026-04-01T09:54:57Z",
    "Hostname": "WS01",
    "EventID": 4634,
    "Channel": "Security",
    "TargetDomainName": "CORP",
    "TargetUserName": "bob",
    "TargetLogonId": "0x6C40751",
    "LogonType": 2,
    "raw_message": "An account was logged off.\n  Account Name: bob\n  Logon ID: 0x6C40751\n  Logon Type: 2"
  },
  {
    "@timestamp": "2026-04-01T08:24:00Z",
    "Hostname": "WS01",
    "EventID": 4624,
    "Channel": "Security",
    "TargetDomainName": "CORP",
    "TargetUserName": "carol",
    "TargetLogonId": "0x4A25544",
    "LogonType": 2,
    "IpAddress": "10.0.3.43",
    "WorkstationName": "WS01",
    "LogonGuid": "{FC377A4C-7730-33B6-C29F-E82547294739}",
    "ProcessName": "C:\\Windows\\System32\\winlogon.exe",
    "SubjectUserName": "-",
    "SubjectLogonId": "0x0",
    "raw_message": "An account was successfully logged on.\nSubject:\n  Account Name: -\n  Logon ID: 0x0\nNew Logon:\n  Account Name: carol\n  Account Domain: CORP\n  Logon ID: 0x4A25544\n  Logon GUID: {FC377A4C-7730-33B6-C29F-E82547294739}\nLogon Type: 2\nNetwork Information:\n  Workstation Name: WS01\n  Source Network Address: 10.0.3.43"
  },
  {
    "@timestamp": "2026-04-01T08:24:02Z",
    "Hostname": "WS01",
    "EventID": 4672,
    "Channel": "Security",
    "TargetDomainName": "CORP",
    "SubjectUserName": "carol",
    "SubjectLogonId": "0x4A25544",
    "PrivilegeList": "SeAuditPrivilege",
    "raw_message": "Special privileges assigned to new logon.\n  Account Name: carol\n  Logon ID: 0x4A25544\n  Privileges: SeAuditPrivilege"
  },
  {
    "@timestamp": "2026-04-01T08:27:00Z",
    "Hostname": "WS01",
    "EventID": 4688,
    "Channel": "Security",
    "TargetDomainName": "CORP",
    "SubjectUserName": "carol",
    "SubjectLogonId": "0x4A25544",
    "NewProcessName": "C:\\Program Files\\Microsoft Office\\root\\Office16\\OUTLOOK.EXE",
    "CommandLine": "OUTLOOK.EXE -profile Default",
    "ParentProcessName": "C:\\Windows\\explorer.exe",
    "raw_message": "A new process has been created.\nCreator Subject:\n  Account Name: carol\n  Logon ID: 0x4A25544\nProcess Information:\n  New Process Name: C:\\Program Files\\Microsoft Office\\root\\Office16\\OUTLOOK.EXE\n  Command Line: OUTLOOK.EXE -profile Default\n  Creator Process Name: C:\\Windows\\explorer.exe"
  },
  {
    "@timestamp": "2026-04-01T08:32:03Z",
    "Hostname": "WS01",
    "EventID": 4688,
    "Channel": "Security",
    "TargetDomainName": "CORP",
    "SubjectUserName": "carol",
    "SubjectLogonId": "0x4A25544",
    "NewProcessName": "C:\\Program Files\\7-Zip\\7zFM.exe",
    "CommandLine": "7zFM.exe",
    "ParentProcessName": "C:\\Windows\\explorer.exe",
    "raw_message": "A new process has been created.\nCreator Subject:\n  Account Name: carol\n  Logon ID: 0x4A25544\nProcess Information:\n  New Process Name: C:\\Program Files\\7-Zip\\7zFM.exe\n  Command Line: 7zFM.exe\n  Creator Process Name: C:\\Windows\\explorer.exe"
  },
  {
    "@timestamp": "2026-04-01T08:33:46Z",
    "Hostname": "WS01",
    "EventID": 4688,
    "Channel": "Security",
    "TargetDomainName": "CORP",
    "SubjectUserName": "carol",
    "SubjectLogonId": "0x4A25544",
    "NewProcessName": "C:\\Windows\\System32\\notepad.exe",
    "CommandLine": "notepad.exe note.txt",
    "ParentProcessName": "C:\\Windows\\explorer.exe",
    "raw_message": "A new process has been created.\nCreator Subject:\n  Account Name: carol\n  Logon ID: 0x4A25544\nProcess Information:\n  New Process Name: C:\\Windows\\System32\\notepad.exe\n  Command Line: notepad.exe note.txt\n  Creator Process Name: C:\\Windows\\explorer.exe"
  },
  {
    "@timestamp": "2026-04-01T08:37:11Z",
    "Hostname": "WS01",
    "EventID": 4688,
    "Channel": "Security",
    "TargetDomainName": "CORP",
    "SubjectUserName": "carol",
    "SubjectLogonId": "0x4A25544",
    "NewProcessName": "C:\\Windows\\System32\\notepad.exe",
    "CommandLine": "notepad.exe note.txt",
    "ParentProcessName": "C:\\Windows\\explorer.exe",
    "raw_message": "A new process has been created.\nCreator Subject:\n  Account Name: carol\n  Logon ID: 0x4A25544\nProcess Information:\n  New Process Name: C:\\Windows\\System32\\notepad.exe\n  Command Line: notepad.exe note.txt\n  Creator Process Name: C:\\Windows\\explorer.exe"
  },
  {
    "@timestamp": "2026-04-01T08:41:51Z",
    "Hostname": "WS01",
    "EventID": 4688,
    "Channel": "Security",
    "TargetDomainName": "CORP",
    "SubjectUserName": "carol",
    "SubjectLogonId": "0x4A25544",
    "NewProcessName": "C:\\Program Files\\Microsoft Office\\root\\Office16\\OUTLOOK.EXE",
    "CommandLine": "OUTLOOK.EXE -profile Default",
    "ParentProcessName": "C:\\Windows\\explorer.exe",
    "raw_message": "A new process has been created.\nCreator Subject:\n  Account Name: carol\n  Logon ID: 0x4A25544\nProcess Information:\n  New Process Name: C:\\Program Files\\Microsoft Office\\root\\Office16\\OUTLOOK.EXE\n  Command Line: OUTLOOK.EXE -profile Default\n  Creator Process Name: C:\\Windows\\explorer.exe"
  },
  {
    "@timestamp": "2026-04-01T08:50:14Z",
    "Hostname": "WS01",
    "EventID": 4688,
    "Channel": "Security",
    "TargetDomainName": "CORP",
    "SubjectUserName": "carol",
    "SubjectLogonId": "0x4A25544",
    "NewProcessName": "C:\\Program Files\\Google\\Chrome\\Application\\chrome.exe",
    "CommandLine": "chrome.exe --profile-directory=Default",
    "ParentProcessName": "C:\\Windows\\explorer.exe",
    "raw_message": "A new process has been created.\nCreator Subject:\n  Account Name: carol\n  Logon ID: 0x4A25544\nProcess Information:\n  New Process Name: C:\\Program Files\\Google\\Chrome\\Application\\chrome.exe\n  Command Line: chrome.exe --profile-directory=Default\n  Creator Process Name: C:\\Windows\\explorer.exe"
  },
  {
    "@timestamp": "2026-04-01T14:55:20Z",
    "Hostname": "WS01",
    "EventID": 4634,
    "Channel": "Security",
    "TargetDomainName": "CORP",
    "TargetUserName": "carol",
    "TargetLogonId": "0x4A25544",
    "LogonType": 2,
    "raw_message": "An account was logged off.\n  Account Name: carol\n  Logon ID: 0x4A25544\n  Logon Type: 2"
  },
  {
    "@timestamp": "2026-04-01T08:21:00Z",
    "Hostname": "WS01",
    "EventID": 4624,
    "Channel": "Security",
    "TargetDomainName": "CORP",
    "TargetUserName": "dave",
    "TargetLogonId": "0x5314317",
    "LogonType": 2,
    "IpAddress": "10.0.1.56",
    "WorkstationName": "WS01",
    "LogonGuid": "{C6A7EE39-7545-106F-A183-891566B2BC5B}",
    "ProcessName": "C:\\Windows\\System32\\winlogon.exe",
    "SubjectUserName": "-",
    "SubjectLogonId": "0x0",
    "raw_message": "An account was successfully logged on.\nSubject:\n  Account Name: -\n  Logon ID: 0x0\nNew Logon:\n  Account Name: dave\n  Account Domain: CORP\n  Logon ID: 0x5314317\n  Logon GUID: {C6A7EE39-7545-106F-A183-891566B2BC5B}\nLogon Type: 2\nNetwork Information:\n  Workstation Name: WS01\n  Source Network Address: 10.0.1.56"
  },
  {
    "@timestamp": "2026-04-01T08:21:02Z",
    "Hostname": "WS01",
    "EventID": 4672,
    "Channel": "Security",
    "TargetDomainName": "CORP",
    "SubjectUserName": "dave",
    "SubjectLogonId": "0x5314317",
    "PrivilegeList": "SeAuditPrivilege",
    "raw_message": "Special privileges assigned to new logon.\n  Account Name: dave\n  Logon ID: 0x5314317\n  Privileges: SeAuditPrivilege"
  },
  {
    "@timestamp": "2026-04-01T08:26:00Z",
    "Hostname": "WS01",
    "EventID": 4688,
    "Channel": "Security",
    "TargetDomainName": "CORP",
    "SubjectUserName": "dave",
    "SubjectLogonId": "0x5314317",
    "NewProcessName": "C:\\Program Files\\Microsoft Office\\root\\Office16\\EXCEL.EXE",
    "CommandLine": "EXCEL.EXE report.xlsx",
    "ParentProcessName": "C:\\Windows\\explorer.exe",
    "raw_message": "A new process has been created.\nCreator Subject:\n  Account Name: dave\n  Logon ID: 0x5314317\nProcess Information:\n  New Process Name: C:\\Program Files\\Microsoft Office\\root\\Office16\\EXCEL.EXE\n  Command Line: EXCEL.EXE report.xlsx\n  Creator Process Name: C:\\Windows\\explorer.exe"
  },
  {
    "@timestamp": "2026-04-01T08:30:07Z",
    "Hostname": "WS01",
    "EventID": 4688,
    "Channel": "Security",
    "TargetDomainName": "CORP",
    "SubjectUserName": "dave",
    "SubjectLogonId": "0x5314317",
    "NewProcessName": "C:\\Program Files\\7-Zip\\7zFM.exe",
    "CommandLine": "7zFM.exe",
    "ParentProcessName": "C:\\Windows\\explorer.exe",
    "raw_message": "A new process has been created.\nCreator Subject:\n  Account Name: dave\n  Logon ID: 0x5314317\nProcess Information:\n  New Process Name: C:\\Program Files\\7-Zip\\7zFM.exe\n  Command Line: 7zFM.exe\n  Creator Process Name: C:\\Windows\\explorer.exe"
  },
  {
    "@timestamp": "2026-04-01T08:39:08Z",
    "Hostname": "WS01",
    "EventID": 4688,
    "Channel": "Security",
    "TargetDomainName": "CORP",
    "SubjectUserName": "dave",
    "SubjectLogonId": "0x5314317",
    "NewProcessName": "C:\\Program Files\\Google\\Chrome\\Application\\chrome.exe",
    "CommandLine": "chrome.exe --profile-directory=Default",
    "ParentProcessName": "C:\\Windows\\explorer.exe",
    "raw_message": "A new process has been created.\nCreator Subject:\n  Account Name: dave\n  Logon ID: 0x5314317\nProcess Information:\n  New Process Name: C:\\Program Files\\Google\\Chrome\\Application\\chrome.exe\n  Command Line: chrome.exe --profile-directory=Default\n  Creator Process Name: C:\\Windows\\explorer.exe"
  },
  {
    "@timestamp": "2026-04-01T08:47:27Z",
    "Hostname": "WS01",
    "EventID": 4688,
    "Channel": "Security",
    "TargetDomainName": "CORP",
    "SubjectUserName": "dave",
    "SubjectLogonId": "0x5314317",
    "NewProcessName": "C:\\Program Files\\Microsoft Office\\root\\Office16\\OUTLOOK.EXE",
    "CommandLine": "OUTLOOK.EXE -profile Default",
    "ParentProcessName": "C:\\Windows\\explorer.exe",
    "raw_message": "A new process has been created.\nCreator Subject:\n  Account Name: dave\n  Logon ID: 0x5314317\nProcess Information:\n  New Process Name: C:\\Program Files\\Microsoft Office\\root\\Office16\\OUTLOOK.EXE\n  Command Line: OUTLOOK.EXE -profile Default\n  Creator Process Name: C:\\Windows\\explorer.exe"
  },
  {
    "@timestamp": "2026-04-01T08:52:28Z",
    "Hostname": "WS01",
    "EventID": 4688,
    "Channel": "Security",
    "TargetDomainName": "CORP",
    "SubjectUserName": "dave",
    "SubjectLogonId": "0x5314317",
    "NewProcessName": "C:\\Program Files\\Microsoft Office\\root\\Office16\\OUTLOOK.EXE",
    "CommandLine": "OUTLOOK.EXE -profile Default",
    "ParentProcessName": "C:\\Windows\\explorer.exe",
    "raw_message": "A new process has been created.\nCreator Subject:\n  Account Name: dave\n  Logon ID: 0x5314317\nProcess Information:\n  New Process Name: C:\\Program Files\\Microsoft Office\\root\\Office16\\OUTLOOK.EXE\n  Command Line: OUTLOOK.EXE -profile Default\n  Creator Process Name: C:\\Windows\\explorer.exe"
  },
  {
    "@timestamp": "2026-04-01T08:57:10Z",
    "Hostname": "WS01",
    "EventID": 4688,
    "Channel": "Security",
    "TargetDomainName": "CORP",
    "SubjectUserName": "dave",
    "SubjectLogonId": "0x5314317",
    "NewProcessName": "C:\\Program Files\\7-Zip\\7zFM.exe",
    "CommandLine": "7zFM.exe",
    "ParentProcessName": "C:\\Windows\\explorer.exe",
    "raw_message": "A new process has been created.\nCreator Subject:\n  Account Name: dave\n  Logon ID: 0x5314317\nProcess Information:\n  New Process Name: C:\\Program Files\\7-Zip\\7zFM.exe\n  Command Line: 7zFM.exe\n  Creator Process Name: C:\\Windows\\explorer.exe"
  },
  {
    "@timestamp": "2026-04-01T09:06:51Z",
    "Hostname": "WS01",
    "EventID": 4688,
    "Channel": "Security",
    "TargetDomainName": "CORP",
    "SubjectUserName": "dave",
    "SubjectLogonId": "0x5314317",
    "NewProcessName": "C:\\Program Files\\Microsoft Office\\root\\Office16\\EXCEL.EXE",
    "CommandLine": "EXCEL.EXE report.xlsx",
    "ParentProcessName": "C:\\Windows\\explorer.exe",
    "raw_message": "A new process has been created.\nCreator Subject:\n  Account Name: dave\n  Logon ID: 0x5314317\nProcess Information:\n  New Process Name: C:\\Program Files\\Microsoft Office\\root\\Office16\\EXCEL.EXE\n  Command Line: EXCEL.EXE report.xlsx\n  Creator Process Name: C:\\Windows\\explorer.exe"
  },
  {
    "@timestamp": "2026-04-01T09:14:39Z",
    "Hostname": "WS01",
    "EventID": 4688,
    "Channel": "Security",
    "TargetDomainName": "CORP",
    "SubjectUserName": "dave",
    "SubjectLogonId": "0x5314317",
    "NewProcessName": "C:\\Windows\\System32\\notepad.exe",
    "CommandLine": "notepad.exe note.txt",
    "ParentProcessName": "C:\\Windows\\explorer.exe",
    "raw_message": "A new process has been created.\nCreator Subject:\n  Account Name: dave\n  Logon ID: 0x5314317\nProcess Information:\n  New Process Name: C:\\Windows\\System32\\notepad.exe\n  Command Line: notepad.exe note.txt\n  Creator Process Name: C:\\Windows\\explorer.exe"
  },
  {
    "@timestamp": "2026-04-01T09:21:57Z",
    "Hostname": "WS01",
    "EventID": 4688,
    "Channel": "Security",
    "TargetDomainName": "CORP",
    "SubjectUserName": "dave",
    "SubjectLogonId": "0x5314317",
    "NewProcessName": "C:\\Program Files\\Microsoft Office\\root\\Office16\\EXCEL.EXE",
    "CommandLine": "EXCEL.EXE report.xlsx",
    "ParentProcessName": "C:\\Windows\\explorer.exe",
    "raw_message": "A new process has been created.\nCreator Subject:\n  Account Name: dave\n  Logon ID: 0x5314317\nProcess Information:\n  New Process Name: C:\\Program Files\\Microsoft Office\\root\\Office16\\EXCEL.EXE\n  Command Line: EXCEL.EXE report.xlsx\n  Creator Process Name: C:\\Windows\\explorer.exe"
  },
  {
    "@timestamp": "2026-04-01T11:26:11Z",
    "Hostname": "WS01",
    "EventID": 4634,
    "Channel": "Security",
    "TargetDomainName": "CORP",
    "TargetUserName": "dave",
    "TargetLogonId": "0x5314317",
    "LogonType": 2,
    "raw_message": "An account was logged off.\n  Account Name: dave\n  Logon ID: 0x5314317\n  Logon Type: 2"
  },
  {
    "@timestamp": "2026-04-01T08:02:00Z",
    "Hostname": "WS03",
    "EventID": 4624,
    "Channel": "Security",
    "TargetDomainName": "CORP",
    "TargetUserName": "eve",
    "TargetLogonId": "0xC18AF08",
    "LogonType": 2,
    "IpAddress": "10.0.5.121",
    "WorkstationName": "WS03",
    "LogonGuid": "{1C11F735-51E9-D825-2086-C36362801C45}",
    "ProcessName": "C:\\Windows\\System32\\winlogon.exe",
    "SubjectUserName": "-",
    "SubjectLogonId": "0x0",
    "raw_message": "An account was successfully logged on.\nSubject:\n  Account Name: -\n  Logon ID: 0x0\nNew Logon:\n  Account Name: eve\n  Account Domain: CORP\n  Logon ID: 0xC18AF08\n  Logon GUID: {1C11F735-51E9-D825-2086-C36362801C45}\nLogon Type: 2\nNetwork Information:\n  Workstation Name: WS03\n  Source Network Address: 10.0.5.121"
  },
  {
    "@timestamp": "2026-04-01T08:02:02Z",
    "Hostname": "WS03",
    "EventID": 4672,
    "Channel": "Security",
    "TargetDomainName": "CORP",
    "SubjectUserName": "eve",
    "SubjectLogonId": "0xC18AF08",
    "PrivilegeList": "SeAuditPrivilege",
    "raw_message": "Special privileges assigned to new logon.\n  Account Name: eve\n  Logon ID: 0xC18AF08\n  Privileges: SeAuditPrivilege"
  },
  {
    "@timestamp": "2026-04-01T08:07:00Z",
    "Hostname": "WS03",
    "EventID": 4688,
    "Channel": "Security",
    "TargetDomainName": "CORP",
    "SubjectUserName": "eve",
    "SubjectLogonId": "0xC18AF08",
    "NewProcessName": "C:\\Windows\\System32\\notepad.exe",
    "CommandLine": "notepad.exe note.txt",
    "ParentProcessName": "C:\\Windows\\explorer.exe",
    "raw_message": "A new process has been created.\nCreator Subject:\n  Account Name: eve\n  Logon ID: 0xC18AF08\nProcess Information:\n  New Process Name: C:\\Windows\\System32\\notepad.exe\n  Command Line: notepad.exe note.txt\n  Creator Process Name: C:\\Windows\\explorer.exe"
  },
  {
    "@timestamp": "2026-04-01T08:07:41Z",
    "Hostname": "WS03",
    "EventID": 4688,
    "Channel": "Security",
    "TargetDomainName": "CORP",
    "SubjectUserName": "eve",
    "SubjectLogonId": "0xC18AF08",
    "NewProcessName": "C:\\Program Files\\7-Zip\\7zFM.exe",
    "CommandLine": "7zFM.exe",
    "ParentProcessName": "C:\\Windows\\explorer.exe",
    "raw_message": "A new process has been created.\nCreator Subject:\n  Account Name: eve\n  Logon ID: 0xC18AF08\nProcess Information:\n  New Process Name: C:\\Program Files\\7-Zip\\7zFM.exe\n  Command Line: 7zFM.exe\n  Creator Process Name: C:\\Windows\\explorer.exe"
  },
  {
    "@timestamp": "2026-04-01T08:10:08Z",
    "Hostname": "WS03",
    "EventID": 4688,
    "Channel": "Security",
    "TargetDomainName": "CORP",
    "SubjectUserName": "eve",
    "SubjectLogonId": "0xC18AF08",
    "NewProcessName": "C:\\Program Files\\7-Zip\\7zFM.exe",
    "CommandLine": "7zFM.exe",
    "ParentProcessName": "C:\\Windows\\explorer.exe",
    "raw_message": "A new process has been created.\nCreator Subject:\n  Account Name: eve\n  Logon ID: 0xC18AF08\nProcess Information:\n  New Process Name: C:\\Program Files\\7-Zip\\7zFM.exe\n  Command Line: 7zFM.exe\n  Creator Process Name: C:\\Windows\\explorer.exe"
  },
  {
    "@timestamp": "2026-04-01T08:19:47Z",
    "Hostname": "WS03",
    "EventID": 4688,
    "Channel": "Security",
    "TargetDomainName": "CORP",
    "SubjectUserName": "eve",
    "SubjectLogonId": "0xC18AF08",
    "NewProcessName": "C:\\Program Files\\Microsoft Office\\root\\Office16\\EXCEL.EXE",
    "CommandLine": "EXCEL.EXE report.xlsx",
    "ParentProcessName": "C:\\Windows\\explorer.exe",
    "raw_message": "A new process has been created.\nCreator Subject:\n  Account Name: eve\n  Logon ID: 0xC18AF08\nProcess Information:\n  New Process Name: C:\\Program Files\\Microsoft Office\\root\\Office16\\EXCEL.EXE\n  Command Line: EXCEL.EXE report.xlsx\n  Creator Process Name: C:\\Windows\\explorer.exe"
  },
  {
    "@timestamp": "2026-04-01T08:26:05Z",
    "Hostname": "WS03",
    "EventID": 4688,
    "Channel": "Security",
    "TargetDomainName": "CORP",
    "SubjectUserName": "eve",
    "SubjectLogonId": "0xC18AF08",
    "NewProcessName": "C:\\Windows\\explorer.exe",
    "CommandLine": "explorer.exe",
    "ParentProcessName": "C:\\Windows\\explorer.exe",
    "raw_message": "A new process has been created.\nCreator Subject:\n  Account Name: eve\n  Logon ID: 0xC18AF08\nProcess Information:\n  New Process Name: C:\\Windows\\explorer.exe\n  Command Line: explorer.exe\n  Creator Process Name: C:\\Windows\\explorer.exe"
  },
  {
    "@timestamp": "2026-04-01T08:31:35Z",
    "Hostname": "WS03",
    "EventID": 4688,
    "Channel": "Security",
    "TargetDomainName": "CORP",
    "SubjectUserName": "eve",
    "SubjectLogonId": "0xC18AF08",
    "NewProcessName": "C:\\Program Files\\Google\\Chrome\\Application\\chrome.exe",
    "CommandLine": "chrome.exe --profile-directory=Default",
    "ParentProcessName": "C:\\Windows\\explorer.exe",
    "raw_message": "A new process has been created.\nCreator Subject:\n  Account Name: eve\n  Logon ID: 0xC18AF08\nProcess Information:\n  New Process Name: C:\\Program Files\\Google\\Chrome\\Application\\chrome.exe\n  Command Line: chrome.exe --profile-directory=Default\n  Creator Process Name: C:\\Windows\\explorer.exe"
  },
  {
    "@timestamp": "2026-04-01T08:46:46Z",
    "Hostname": "FILESERVER",
    "EventID": 4624,
    "Channel": "Security",
    "TargetDomainName": "CORP",
    "TargetUserName": "eve",
    "TargetLogonId": "0xF43D47C",
    "LogonType": 3,
    "IpAddress": "10.0.5.121",
    "WorkstationName": "WS03",
    "LogonGuid": "{1C11F735-51E9-D825-2086-C36362801C45}",
    "ProcessName": "-",
    "SubjectUserName": "-",
    "SubjectLogonId": "0x0",
    "raw_message": "An account was successfully logged on.\nSubject:\n  Account Name: -\n  Logon ID: 0x0\nNew Logon:\n  Account Name: eve\n  Account Domain: CORP\n  Logon ID: 0xF43D47C\n  Logon GUID: {1C11F735-51E9-D825-2086-C36362801C45}\nLogon Type: 3\nNetwork Information:\n  Workstation Name: WS03\n  Source Network Address: 10.0.5.121"
  },
  {
    "@timestamp": "2026-04-01T08:46:56Z",
    "Hostname": "FILESERVER",
    "EventID": 4634,
    "Channel": "Security",
    "TargetDomainName": "CORP",
    "TargetUserName": "eve",
    "TargetLogonId": "0xF43D47C",
    "LogonType": 3,
    "raw_message": "An account was logged off.\n  Account Name: eve\n  Logon ID: 0xF43D47C\n  Logon Type: 3"
  },
  {
    "@timestamp": "2026-04-01T14:34:46Z",
    "Hostname": "WS03",
    "EventID": 4634,
    "Channel": "Security",
    "TargetDomainName": "CORP",
    "TargetUserName": "eve",
    "TargetLogonId": "0xC18AF08",
    "LogonType": 2,
    "raw_message": "An account was logged off.\n  Account Name: eve\n  Logon ID: 0xC18AF08\n  Logon Type: 2"
  },
  {
    "@timestamp": "2026-04-01T08:16:00Z",
    "Hostname": "WS02",
    "EventID": 4624,
    "Channel": "Security",
    "TargetDomainName": "CORP",
    "TargetUserName": "frank",
    "TargetLogonId": "0xC31FF46",
    "LogonType": 2,
    "IpAddress": "10.0.5.84",
    "WorkstationName": "WS02",
    "LogonGuid": "{E9A1FA6F-98CD-65D7-4E40-004AEB2263DD}",
    "ProcessName": "C:\\Windows\\System32\\winlogon.exe",
    "SubjectUserName": "-",
    "SubjectLogonId": "0x0",
    "raw_message": "An account was successfully logged on.\nSubject:\n  Account Name: -\n  Logon ID: 0x0\nNew Logon:\n  Account Name: frank\n  Account Domain: CORP\n  Logon ID: 0xC31FF46\n  Logon GUID: {E9A1FA6F-98CD-65D7-4E40-004AEB2263DD}\nLogon Type: 2\nNetwork Information:\n  Workstation Name: WS02\n  Source Network Address: 10.0.5.84"
  },
  {
    "@timestamp": "2026-04-01T08:16:02Z",
    "Hostname": "WS02",
    "EventID": 4672,
    "Channel": "Security",
    "TargetDomainName": "CORP",
    "SubjectUserName": "frank",
    "SubjectLogonId": "0xC31FF46",
    "PrivilegeList": "SeAuditPrivilege",
    "raw_message": "Special privileges assigned to new logon.\n  Account Name: frank\n  Logon ID: 0xC31FF46\n  Privileges: SeAuditPrivilege"
  },
  {
    "@timestamp": "2026-04-01T08:20:00Z",
    "Hostname": "WS02",
    "EventID": 4688,
    "Channel": "Security",
    "TargetDomainName": "CORP",
    "SubjectUserName": "frank",
    "SubjectLogonId": "0xC31FF46",
    "NewProcessName": "C:\\Windows\\explorer.exe",
    "CommandLine": "explorer.exe",
    "ParentProcessName": "C:\\Windows\\explorer.exe",
    "raw_message": "A new process has been created.\nCreator Subject:\n  Account Name: frank\n  Logon ID: 0xC31FF46\nProcess Information:\n  New Process Name: C:\\Windows\\explorer.exe\n  Command Line: explorer.exe\n  Creator Process Name: C:\\Windows\\explorer.exe"
  },
  {
    "@timestamp": "2026-04-01T08:26:41Z",
    "Hostname": "WS02",
    "EventID": 4688,
    "Channel": "Security",
    "TargetDomainName": "CORP",
    "SubjectUserName": "frank",
    "SubjectLogonId": "0xC31FF46",
    "NewProcessName": "C:\\Program Files\\Microsoft Office\\root\\Office16\\EXCEL.EXE",
    "CommandLine": "EXCEL.EXE report.xlsx",
    "ParentProcessName": "C:\\Windows\\explorer.exe",
    "raw_message": "A new process has been created.\nCreator Subject:\n  Account Name: frank\n  Logon ID: 0xC31FF46\nProcess Information:\n  New Process Name: C:\\Program Files\\Microsoft Office\\root\\Office16\\EXCEL.EXE\n  Command Line: EXCEL.EXE report.xlsx\n  Creator Process Name: C:\\Windows\\explorer.exe"
  },
  {
    "@timestamp": "2026-04-01T08:31:16Z",
    "Hostname": "WS02",
    "EventID": 4688,
    "Channel": "Security",
    "TargetDomainName": "CORP",
    "SubjectUserName": "frank",
    "SubjectLogonId": "0xC31FF46",
    "NewProcessName": "C:\\Windows\\explorer.exe",
    "CommandLine": "explorer.exe",
    "ParentProcessName": "C:\\Windows\\explorer.exe",
    "raw_message": "A new process has been created.\nCreator Subject:\n  Account Name: frank\n  Logon ID: 0xC31FF46\nProcess Information:\n  New Process Name: C:\\Windows\\explorer.exe\n  Command Line: explorer.exe\n  Creator Process Name: C:\\Windows\\explorer.exe"
  },
  {
    "@timestamp": "2026-04-01T08:35:52Z",
    "Hostname": "WS02",
    "EventID": 4688,
    "Channel": "Security",
    "TargetDomainName": "CORP",
    "SubjectUserName": "frank",
    "SubjectLogonId": "0xC31FF46",
    "NewProcessName": "C:\\Windows\\System32\\notepad.exe",
    "CommandLine": "notepad.exe note.txt",
    "ParentProcessName": "C:\\Windows\\explorer.exe",
    "raw_message": "A new process has been created.\nCreator Subject:\n  Account Name: frank\n  Logon ID: 0xC31FF46\nProcess Information:\n  New Process Name: C:\\Windows\\System32\\notepad.exe\n  Command Line: notepad.exe note.txt\n  Creator Process Name: C:\\Windows\\explorer.exe"
  },
  {
    "@timestamp": "2026-04-01T08:51:42Z",
    "Hostname": "FILESERVER",
    "EventID": 4624,
    "Channel": "Security",
    "TargetDomainName": "CORP",
    "TargetUserName": "frank",
    "TargetLogonId": "0x7C79DEE",
    "LogonType": 3,
    "IpAddress": "10.0.5.84",
    "WorkstationName": "WS02",
    "LogonGuid": "{E9A1FA6F-98CD-65D7-4E40-004AEB2263DD}",
    "ProcessName": "-",
    "SubjectUserName": "-",
    "SubjectLogonId": "0x0",
    "raw_message": "An account was successfully logged on.\nSubject:\n  Account Name: -\n  Logon ID: 0x0\nNew Logon:\n  Account Name: frank\n  Account Domain: CORP\n  Logon ID: 0x7C79DEE\n  Logon GUID: {E9A1FA6F-98CD-65D7-4E40-004AEB2263DD}\nLogon Type: 3\nNetwork Information:\n  Workstation Name: WS02\n  Source Network Address: 10.0.5.84"
  },
  {
    "@timestamp": "2026-04-01T08:51:52Z",
    "Hostname": "FILESERVER",
    "EventID": 4634,
    "Channel": "Security",
    "TargetDomainName": "CORP",
    "TargetUserName": "frank",
    "TargetLogonId": "0x7C79DEE",
    "LogonType": 3,
    "raw_message": "An account was logged off.\n  Account Name: frank\n  Logon ID: 0x7C79DEE\n  Logon Type: 3"
  },
  {
    "@timestamp": "2026-04-01T09:37:42Z",
    "Hostname": "WS02",
    "EventID": 4634,
    "Channel": "Security",
    "TargetDomainName": "CORP",
    "TargetUserName": "frank",
    "TargetLogonId": "0xC31FF46",
    "LogonType": 2,
    "raw_message": "An account was logged off.\n  Account Name: frank\n  Logon ID: 0xC31FF46\n  Logon Type: 2"
  },
  {
    "@timestamp": "2026-04-01T08:04:00Z",
    "Hostname": "WS01",
    "EventID": 4624,
    "Channel": "Security",
    "TargetDomainName": "CORP",
    "TargetUserName": "grace",
    "TargetLogonId": "0xA8F56E0",
    "LogonType": 2,
    "IpAddress": "10.0.3.104",
    "WorkstationName": "WS01",
    "LogonGuid": "{8CBFEDB0-87B5-D8A5-6C70-66FDB09B2A5C}",
    "ProcessName": "C:\\Windows\\System32\\winlogon.exe",
    "SubjectUserName": "-",
    "SubjectLogonId": "0x0",
    "raw_message": "An account was successfully logged on.\nSubject:\n  Account Name: -\n  Logon ID: 0x0\nNew Logon:\n  Account Name: grace\n  Account Domain: CORP\n  Logon ID: 0xA8F56E0\n  Logon GUID: {8CBFEDB0-87B5-D8A5-6C70-66FDB09B2A5C}\nLogon Type: 2\nNetwork Information:\n  Workstation Name: WS01\n  Source Network Address: 10.0.3.104"
  },
  {
    "@timestamp": "2026-04-01T08:04:02Z",
    "Hostname": "WS01",
    "EventID": 4672,
    "Channel": "Security",
    "TargetDomainName": "CORP",
    "SubjectUserName": "grace",
    "SubjectLogonId": "0xA8F56E0",
    "PrivilegeList": "SeAuditPrivilege",
    "raw_message": "Special privileges assigned to new logon.\n  Account Name: grace\n  Logon ID: 0xA8F56E0\n  Privileges: SeAuditPrivilege"
  },
  {
    "@timestamp": "2026-04-01T08:07:00Z",
    "Hostname": "WS01",
    "EventID": 4688,
    "Channel": "Security",
    "TargetDomainName": "CORP",
    "SubjectUserName": "grace",
    "SubjectLogonId": "0xA8F56E0",
    "NewProcessName": "C:\\Windows\\System32\\notepad.exe",
    "CommandLine": "notepad.exe note.txt",
    "ParentProcessName": "C:\\Windows\\explorer.exe",
    "raw_message": "A new process has been created.\nCreator Subject:\n  Account Name: grace\n  Logon ID: 0xA8F56E0\nProcess Information:\n  New Process Name: C:\\Windows\\System32\\notepad.exe\n  Command Line: notepad.exe note.txt\n  Creator Process Name: C:\\Windows\\explorer.exe"
  },
  {
    "@timestamp": "2026-04-01T08:15:12Z",
    "Hostname": "WS01",
    "EventID": 4688,
    "Channel": "Security",
    "TargetDomainName": "CORP",
    "SubjectUserName": "grace",
    "SubjectLogonId": "0xA8F56E0",
    "NewProcessName": "C:\\Windows\\explorer.exe",
    "CommandLine": "explorer.exe",
    "ParentProcessName": "C:\\Windows\\explorer.exe",
    "raw_message": "A new process has been created.\nCreator Subject:\n  Account Name: grace\n  Logon ID: 0xA8F56E0\nProcess Information:\n  New Process Name: C:\\Windows\\explorer.exe\n  Command Line: explorer.exe\n  Creator Process Name: C:\\Windows\\explorer.exe"
  },
  {
    "@timestamp": "2026-04-01T08:19:55Z",
    "Hostname": "WS01",
    "EventID": 4688,
    "Channel": "Security",
    "TargetDomainName": "CORP",
    "SubjectUserName": "grace",
    "SubjectLogonId": "0xA8F56E0",
    "NewProcessName": "C:\\Program Files\\Microsoft Office\\root\\Office16\\OUTLOOK.EXE",
    "CommandLine": "OUTLOOK.EXE -profile Default",
    "ParentProcessName": "C:\\Windows\\explorer.exe",
    "raw_message": "A new process has been created.\nCreator Subject:\n  Account Name: grace\n  Logon ID: 0xA8F56E0\nProcess Information:\n  New Process Name: C:\\Program Files\\Microsoft Office\\root\\Office16\\OUTLOOK.EXE\n  Command Line: OUTLOOK.EXE -profile Default\n  Creator Process Name: C:\\Windows\\explorer.exe"
  },
  {
    "@timestamp": "2026-04-01T08:21:30Z",
    "Hostname": "WS01",
    "EventID": 4688,
    "Channel": "Security",
    "TargetDomainName": "CORP",
    "SubjectUserName": "grace",
    "SubjectLogonId": "0xA8F56E0",
    "NewProcessName": "C:\\Program Files\\Microsoft Office\\root\\Office16\\EXCEL.EXE",
    "CommandLine": "EXCEL.EXE report.xlsx",
    "ParentProcessName": "C:\\Windows\\explorer.exe",
    "raw_message": "A new process has been created.\nCreator Subject:\n  Account Name: grace\n  Logon ID: 0xA8F56E0\nProcess Information:\n  New Process Name: C:\\Program Files\\Microsoft Office\\root\\Office16\\EXCEL.EXE\n  Command Line: EXCEL.EXE report.xlsx\n  Creator Process Name: C:\\Windows\\explorer.exe"
  },
  {
    "@timestamp": "2026-04-01T08:22:21Z",
    "Hostname": "WS01",
    "EventID": 4688,
    "Channel": "Security",
    "TargetDomainName": "CORP",
    "SubjectUserName": "grace",
    "SubjectLogonId": "0xA8F56E0",
    "NewProcessName": "C:\\Windows\\System32\\notepad.exe",
    "CommandLine": "notepad.exe note.txt",
    "ParentProcessName": "C:\\Windows\\explorer.exe",
    "raw_message": "A new process has been created.\nCreator Subject:\n  Account Name: grace\n  Logon ID: 0xA8F56E0\nProcess Information:\n  New Process Name: C:\\Windows\\System32\\notepad.exe\n  Command Line: notepad.exe note.txt\n  Creator Process Name: C:\\Windows\\explorer.exe"
  },
  {
    "@timestamp": "2026-04-01T08:32:18Z",
    "Hostname": "WS01",
    "EventID": 4688,
    "Channel": "Security",
    "TargetDomainName": "CORP",
    "SubjectUserName": "grace",
    "SubjectLogonId": "0xA8F56E0",
    "NewProcessName": "C:\\Program Files\\Microsoft Office\\root\\Office16\\OUTLOOK.EXE",
    "CommandLine": "OUTLOOK.EXE -profile Default",
    "ParentProcessName": "C:\\Windows\\explorer.exe",
    "raw_message": "A new process has been created.\nCreator Subject:\n  Account Name: grace\n  Logon ID: 0xA8F56E0\nProcess Information:\n  New Process Name: C:\\Program Files\\Microsoft Office\\root\\Office16\\OUTLOOK.EXE\n  Command Line: OUTLOOK.EXE -profile Default\n  Creator Process Name: C:\\Windows\\explorer.exe"
  },
  {
    "@timestamp": "2026-04-01T08:36:33Z",
    "Hostname": "WS01",
    "EventID": 4688,
    "Channel": "Security",
    "TargetDomainName": "CORP",
    "SubjectUserName": "grace",
    "SubjectLogonId": "0xA8F56E0",
    "NewProcessName": "C:\\Windows\\explorer.exe",
    "CommandLine": "explorer.exe",
    "ParentProcessName": "C:\\Windows\\explorer.exe",
    "raw_message": "A new process has been created.\nCreator Subject:\n  Account Name: grace\n  Logon ID: 0xA8F56E0\nProcess Information:\n  New Process Name: C:\\Windows\\explorer.exe\n  Command Line: explorer.exe\n  Creator Process Name: C:\\Windows\\explorer.exe"
  },
  {
    "@timestamp": "2026-04-01T09:38:15Z",
    "Hostname": "WS01",
    "EventID": 4634,
    "Channel": "Security",
    "TargetDomainName": "CORP",
    "TargetUserName": "grace",
    "TargetLogonId": "0xA8F56E0",
    "LogonType": 2,
    "raw_message": "An account was logged off.\n  Account Name: grace\n  Logon ID: 0xA8F56E0\n  Logon Type: 2"
  },
  {
    "@timestamp": "2026-04-01T08:02:00Z",
    "Hostname": "WS01",
    "EventID": 4624,
    "Channel": "Security",
    "TargetDomainName": "CORP",
    "TargetUserName": "henry",
    "TargetLogonId": "0xE7D99B2",
    "LogonType": 2,
    "IpAddress": "10.0.4.208",
    "WorkstationName": "WS01",
    "LogonGuid": "{5496F63C-79DB-8E94-F888-7C6A7900F7F9}",
    "ProcessName": "C:\\Windows\\System32\\winlogon.exe",
    "SubjectUserName": "-",
    "SubjectLogonId": "0x0",
    "raw_message": "An account was successfully logged on.\nSubject:\n  Account Name: -\n  Logon ID: 0x0\nNew Logon:\n  Account Name: henry\n  Account Domain: CORP\n  Logon ID: 0xE7D99B2\n  Logon GUID: {5496F63C-79DB-8E94-F888-7C6A7900F7F9}\nLogon Type: 2\nNetwork Information:\n  Workstation Name: WS01\n  Source Network Address: 10.0.4.208"
  },
  {
    "@timestamp": "2026-04-01T08:02:02Z",
    "Hostname": "WS01",
    "EventID": 4672,
    "Channel": "Security",
    "TargetDomainName": "CORP",
    "SubjectUserName": "henry",
    "SubjectLogonId": "0xE7D99B2",
    "PrivilegeList": "SeAuditPrivilege",
    "raw_message": "Special privileges assigned to new logon.\n  Account Name: henry\n  Logon ID: 0xE7D99B2\n  Privileges: SeAuditPrivilege"
  },
  {
    "@timestamp": "2026-04-01T08:06:00Z",
    "Hostname": "WS01",
    "EventID": 4688,
    "Channel": "Security",
    "TargetDomainName": "CORP",
    "SubjectUserName": "henry",
    "SubjectLogonId": "0xE7D99B2",
    "NewProcessName": "C:\\Windows\\explorer.exe",
    "CommandLine": "explorer.exe",
    "ParentProcessName": "C:\\Windows\\explorer.exe",
    "raw_message": "A new process has been created.\nCreator Subject:\n  Account Name: henry\n  Logon ID: 0xE7D99B2\nProcess Information:\n  New Process Name: C:\\Windows\\explorer.exe\n  Command Line: explorer.exe\n  Creator Process Name: C:\\Windows\\explorer.exe"
  },
  {
    "@timestamp": "2026-04-01T08:08:09Z",
    "Hostname": "WS01",
    "EventID": 4688,
    "Channel": "Security",
    "TargetDomainName": "CORP",
    "SubjectUserName": "henry",
    "SubjectLogonId": "0xE7D99B2",
    "NewProcessName": "C:\\Program Files\\7-Zip\\7zFM.exe",
    "CommandLine": "7zFM.exe",
    "ParentProcessName": "C:\\Windows\\explorer.exe",
    "raw_message": "A new process has been created.\nCreator Subject:\n  Account Name: henry\n  Logon ID: 0xE7D99B2\nProcess Information:\n  New Process Name: C:\\Program Files\\7-Zip\\7zFM.exe\n  Command Line: 7zFM.exe\n  Creator Process Name: C:\\Windows\\explorer.exe"
  },
  {
    "@timestamp": "2026-04-01T08:16:00Z",
    "Hostname": "WS01",
    "EventID": 4688,
    "Channel": "Security",
    "TargetDomainName": "CORP",
    "SubjectUserName": "henry",
    "SubjectLogonId": "0xE7D99B2",
    "NewProcessName": "C:\\Program Files\\Microsoft Office\\root\\Office16\\EXCEL.EXE",
    "CommandLine": "EXCEL.EXE report.xlsx",
    "ParentProcessName": "C:\\Windows\\explorer.exe",
    "raw_message": "A new process has been created.\nCreator Subject:\n  Account Name: henry\n  Logon ID: 0xE7D99B2\nProcess Information:\n  New Process Name: C:\\Program Files\\Microsoft Office\\root\\Office16\\EXCEL.EXE\n  Command Line: EXCEL.EXE report.xlsx\n  Creator Process Name: C:\\Windows\\explorer.exe"
  },
  {
    "@timestamp": "2026-04-01T08:23:43Z",
    "Hostname": "WS01",
    "EventID": 4688,
    "Channel": "Security",
    "TargetDomainName": "CORP",
    "SubjectUserName": "henry",
    "SubjectLogonId": "0xE7D99B2",
    "NewProcessName": "C:\\Program Files\\Google\\Chrome\\Application\\chrome.exe",
    "CommandLine": "chrome.exe --profile-directory=Default",
    "ParentProcessName": "C:\\Windows\\explorer.exe",
    "raw_message": "A new process has been created.\nCreator Subject:\n  Account Name: henry\n  Logon ID: 0xE7D99B2\nProcess Information:\n  New Process Name: C:\\Program Files\\Google\\Chrome\\Application\\chrome.exe\n  Command Line: chrome.exe --profile-directory=Default\n  Creator Process Name: C:\\Windows\\explorer.exe"
  },
  {
    "@timestamp": "2026-04-01T08:32:11Z",
    "Hostname": "WS01",
    "EventID": 4688,
    "Channel": "Security",
    "TargetDomainName": "CORP",
    "SubjectUserName": "henry",
    "SubjectLogonId": "0xE7D99B2",
    "NewProcessName": "C:\\Program Files\\7-Zip\\7zFM.exe",
    "CommandLine": "7zFM.exe",
    "ParentProcessName": "C:\\Windows\\explorer.exe",
    "raw_message": "A new process has been created.\nCreator Subject:\n  Account Name: henry\n  Logon ID: 0xE7D99B2\nProcess Information:\n  New Process Name: C:\\Program Files\\7-Zip\\7zFM.exe\n  Command Line: 7zFM.exe\n  Creator Process Name: C:\\Windows\\explorer.exe"
  },
  {
    "@timestamp": "2026-04-01T08:44:36Z",
    "Hostname": "FILESERVER",
    "EventID": 4624,
    "Channel": "Security",
    "TargetDomainName": "CORP",
    "TargetUserName": "henry",
    "TargetLogonId": "0xFC02405",
    "LogonType": 3,
    "IpAddress": "10.0.4.208",
    "WorkstationName": "WS01",
    "LogonGuid": "{5496F63C-79DB-8E94-F888-7C6A7900F7F9}",
    "ProcessName": "-",
    "SubjectUserName": "-",
    "SubjectLogonId": "0x0",
    "raw_message": "An account was successfully logged on.\nSubject:\n  Account Name: -\n  Logon ID: 0x0\nNew Logon:\n  Account Name: henry\n  Account Domain: CORP\n  Logon ID: 0xFC02405\n  Logon GUID: {5496F63C-79DB-8E94-F888-7C6A7900F7F9}\nLogon Type: 3\nNetwork Information:\n  Workstation Name: WS01\n  Source Network Address: 10.0.4.208"
  },
  {
    "@timestamp": "2026-04-01T08:44:46Z",
    "Hostname": "FILESERVER",
    "EventID": 4634,
    "Channel": "Security",
    "TargetDomainName": "CORP",
    "TargetUserName": "henry",
    "TargetLogonId": "0xFC02405",
    "LogonType": 3,
    "raw_message": "An account was logged off.\n  Account Name: henry\n  Logon ID: 0xFC02405\n  Logon Type: 3"
  },
  {
    "@timestamp": "2026-04-01T09:33:36Z",
    "Hostname": "WS01",
    "EventID": 4634,
    "Channel": "Security",
    "TargetDomainName": "CORP",
    "TargetUserName": "henry",
    "TargetLogonId": "0xE7D99B2",
    "LogonType": 2,
    "raw_message": "An account was logged off.\n  Account Name: henry\n  Logon ID: 0xE7D99B2\n  Logon Type: 2"
  },
